This file contains any messages produced by compilers while
running configure, to aid debugging if configure makes a mistake.

It was created by jansson configure 2.11, which was
generated by GNU Autoconf 2.69.  Invocation command line was

  $ ./configure CFLAGS=-ffreestanding -nostdlib -fno-builtin -m32 --host=i386 --disable-shared

## --------- ##
## Platform. ##
## --------- ##

hostname = odsi
uname -m = x86_64
uname -r = 4.15.0-23-generic
uname -s = Linux
uname -v = #25-Ubuntu SMP Wed May 23 18:02:16 UTC 2018

/usr/bin/uname -p = unknown
/bin/uname -X     = unknown

/bin/arch              = unknown
/usr/bin/arch -k       = unknown
/usr/convex/getsysinfo = unknown
/usr/bin/hostinfo      = unknown
/bin/machine           = unknown
/usr/bin/oslevel       = unknown
/bin/universe          = unknown

PATH: /usr/local/sbin
PATH: /usr/local/bin
PATH: /usr/sbin
PATH: /usr/bin
PATH: /sbin
PATH: /bin
PATH: /usr/games
PATH: /usr/local/games
PATH: /snap/bin
PATH: /home/odsi/opam-coq.8.6.1/4.01.0/bin/


## ----------- ##
## Core tests. ##
## ----------- ##

configure:2419: checking for a BSD-compatible install
configure:2487: result: /usr/bin/install -c
configure:2498: checking whether build environment is sane
configure:2553: result: yes
configure:2612: checking for i386-strip
configure:2642: result: no
configure:2652: checking for strip
configure:2668: found /usr/bin/strip
configure:2679: result: strip
configure:2704: checking for a thread-safe mkdir -p
configure:2743: result: /bin/mkdir -p
configure:2750: checking for gawk
configure:2780: result: no
configure:2750: checking for mawk
configure:2766: found /usr/bin/mawk
configure:2777: result: mawk
configure:2788: checking whether make sets $(MAKE)
configure:2810: result: yes
configure:2839: checking whether make supports nested variables
configure:2856: result: yes
configure:2996: checking for i386-gcc
configure:3026: result: no
configure:3036: checking for gcc
configure:3052: found /usr/bin/gcc
configure:3063: result: gcc
configure:3292: checking for C compiler version
configure:3301: gcc --version >&5
gcc (Ubuntu 7.3.0-16ubuntu3) 7.3.0
Copyright (C) 2017 Free Software Foundation, Inc.
This is free software; see the source for copying conditions.  There is NO
warranty; not even for MERCHANTABILITY or FITNESS FOR A PARTICULAR PURPOSE.

configure:3312: $? = 0
configure:3301: gcc -v >&5
Using built-in specs.
COLLECT_GCC=gcc
COLLECT_LTO_WRAPPER=/usr/lib/gcc/x86_64-linux-gnu/7/lto-wrapper
OFFLOAD_TARGET_NAMES=nvptx-none
OFFLOAD_TARGET_DEFAULT=1
Target: x86_64-linux-gnu
Configured with: ../src/configure -v --with-pkgversion='Ubuntu 7.3.0-16ubuntu3' --with-bugurl=file:///usr/share/doc/gcc-7/README.Bugs --enable-languages=c,ada,c++,go,brig,d,fortran,objc,obj-c++ --prefix=/usr --with-gcc-major-version-only --with-as=/usr/bin/x86_64-linux-gnu-as --with-ld=/usr/bin/x86_64-linux-gnu-ld --program-suffix=-7 --program-prefix=x86_64-linux-gnu- --enable-shared --enable-linker-build-id --libexecdir=/usr/lib --without-included-gettext --enable-threads=posix --libdir=/usr/lib --enable-nls --with-sysroot=/ --enable-clocale=gnu --enable-libstdcxx-debug --enable-libstdcxx-time=yes --with-default-libstdcxx-abi=new --enable-gnu-unique-object --disable-vtable-verify --enable-libmpx --enable-plugin --enable-default-pie --with-system-zlib --with-target-system-zlib --enable-objc-gc=auto --enable-multiarch --disable-werror --with-arch-32=i686 --with-abi=m64 --with-multilib-list=m32,m64,mx32 --enable-multilib --with-tune=generic --enable-offload-targets=nvptx-none --without-cuda-driver --enable-checking=release --build=x86_64-linux-gnu --host=x86_64-linux-gnu --target=x86_64-linux-gnu
Thread model: posix
gcc version 7.3.0 (Ubuntu 7.3.0-16ubuntu3) 
configure:3312: $? = 0
configure:3301: gcc -V >&5
gcc: error: unrecognized command line option '-V'
gcc: fatal error: no input files
compilation terminated.
configure:3312: $? = 1
configure:3301: gcc -qversion >&5
gcc: error: unrecognized command line option '-qversion'; did you mean '--version'?
gcc: fatal error: no input files
compilation terminated.
configure:3312: $? = 1
configure:3332: checking whether the C compiler works
configure:3354: gcc -ffreestanding -nostdlib -fno-builtin -m32   conftest.c  >&5
/usr/bin/x86_64-linux-gnu-ld: warning: cannot find entry symbol _start; defaulting to 00000000000001b5
configure:3358: $? = 0
configure:3406: result: yes
configure:3409: checking for C compiler default output file name
configure:3411: result: a.out
configure:3417: checking for suffix of executables
configure:3424: gcc -o conftest -ffreestanding -nostdlib -fno-builtin -m32   conftest.c  >&5
/usr/bin/x86_64-linux-gnu-ld: warning: cannot find entry symbol _start; defaulting to 00000000000001b5
configure:3428: $? = 0
configure:3450: result: 
configure:3472: checking whether we are cross compiling
configure:3480: gcc -o conftest -ffreestanding -nostdlib -fno-builtin -m32   conftest.c  >&5
/usr/bin/x86_64-linux-gnu-ld: warning: cannot find entry symbol _start; defaulting to 0000000000000210
/tmp/ccWe5X0Z.o: In function `main':
conftest.c:(.text+0x2f): undefined reference to `fopen'
conftest.c:(.text+0x40): undefined reference to `ferror'
conftest.c:(.text+0x52): undefined reference to `fclose'
collect2: error: ld returned 1 exit status
configure:3484: $? = 1
configure:3491: ./conftest
./configure: line 3493: ./conftest: No such file or directory
configure:3495: $? = 127
configure:3510: result: yes
configure:3515: checking for suffix of object files
configure:3537: gcc -c -ffreestanding -nostdlib -fno-builtin -m32  conftest.c >&5
configure:3541: $? = 0
configure:3562: result: o
configure:3566: checking whether we are using the GNU C compiler
configure:3585: gcc -c -ffreestanding -nostdlib -fno-builtin -m32  conftest.c >&5
configure:3585: $? = 0
configure:3594: result: yes
configure:3603: checking whether gcc accepts -g
configure:3623: gcc -c -g  conftest.c >&5
configure:3623: $? = 0
configure:3664: result: yes
configure:3681: checking for gcc option to accept ISO C89
configure:3744: gcc  -c -ffreestanding -nostdlib -fno-builtin -m32  conftest.c >&5
configure:3744: $? = 0
configure:3757: result: none needed
configure:3782: checking whether gcc understands -c and -o together
configure:3804: gcc -c conftest.c -o conftest2.o
configure:3807: $? = 0
configure:3804: gcc -c conftest.c -o conftest2.o
configure:3807: $? = 0
configure:3819: result: yes
configure:3847: checking for style of include used by make
configure:3875: result: GNU
configure:3901: checking dependency style of gcc
configure:4012: result: gcc3
configure:4056: checking build system type
configure:4070: result: x86_64-pc-linux-gnu
configure:4090: checking host system type
configure:4103: result: i386-pc-none
configure:4144: checking how to print strings
configure:4171: result: printf
configure:4192: checking for a sed that does not truncate output
configure:4256: result: /bin/sed
configure:4274: checking for grep that handles long lines and -e
configure:4332: result: /bin/grep
configure:4337: checking for egrep
configure:4399: result: /bin/grep -E
configure:4404: checking for fgrep
configure:4466: result: /bin/grep -F
configure:4501: checking for ld used by gcc
configure:4568: result: /usr/bin/x86_64-linux-gnu-ld
configure:4575: checking if the linker (/usr/bin/x86_64-linux-gnu-ld) is GNU ld
configure:4590: result: yes
configure:4602: checking for BSD- or MS-compatible name lister (nm)
configure:4656: result: no
configure:4670: checking for i386-dumpbin
configure:4700: result: no
configure:4670: checking for i386-link
configure:4700: result: no
configure:4714: checking for dumpbin
configure:4744: result: no
configure:4714: checking for link
configure:4730: found /usr/bin/link
configure:4741: result: link -dump
configure:4757: WARNING: using cross tools not prefixed with host triplet
configure:4786: checking the name lister (nm) interface
configure:4793: gcc -c -ffreestanding -nostdlib -fno-builtin -m32  conftest.c >&5
configure:4796: nm "conftest.o"
configure:4799: output
00000000 B some_variable
configure:4806: result: BSD nm
configure:4809: checking whether ln -s works
configure:4813: result: yes
configure:4821: checking the maximum length of command line arguments
configure:4952: result: 1572864
configure:5000: checking how to convert x86_64-pc-linux-gnu file names to i386-pc-none format
configure:5040: result: func_convert_file_noop
configure:5047: checking how to convert x86_64-pc-linux-gnu file names to toolchain format
configure:5067: result: func_convert_file_noop
configure:5074: checking for /usr/bin/x86_64-linux-gnu-ld option to reload object files
configure:5081: result: -r
configure:5115: checking for i386-objdump
configure:5145: result: no
configure:5155: checking for objdump
configure:5171: found /usr/bin/objdump
configure:5182: result: objdump
configure:5214: checking how to recognize dependent libraries
configure:5414: result: unknown
configure:5459: checking for i386-dlltool
configure:5489: result: no
configure:5499: checking for dlltool
configure:5529: result: no
configure:5559: checking how to associate runtime and link libraries
configure:5586: result: printf %s\n
configure:5603: checking for i386-ar
configure:5633: result: no
configure:5647: checking for ar
configure:5663: found /usr/bin/ar
configure:5674: result: ar
configure:5711: checking for archiver @FILE support
configure:5728: gcc -c -ffreestanding -nostdlib -fno-builtin -m32  conftest.c >&5
configure:5728: $? = 0
configure:5731: ar cru libconftest.a @conftest.lst >&5
ar: `u' modifier ignored since `D' is the default (see `U')
configure:5734: $? = 0
configure:5739: ar cru libconftest.a @conftest.lst >&5
ar: `u' modifier ignored since `D' is the default (see `U')
ar: conftest.o: No such file or directory
configure:5742: $? = 1
configure:5754: result: @
configure:5772: checking for i386-strip
configure:5799: result: strip
configure:5871: checking for i386-ranlib
configure:5901: result: no
configure:5911: checking for ranlib
configure:5927: found /usr/bin/ranlib
configure:5938: result: ranlib
configure:6040: checking command to parse nm output from gcc object
configure:6193: gcc -c -ffreestanding -nostdlib -fno-builtin -m32  conftest.c >&5
configure:6196: $? = 0
configure:6200: nm conftest.o \| sed -n -e 's/^.*[ ]\([ABCDGIRSTW][ABCDGIRSTW]*\)[ ][ ]*\([_A-Za-z][_A-Za-z0-9]*\)$/\1 \2 \2/p' | sed '/ __gnu_lto/d' \> conftest.nm
configure:6203: $? = 0
configure:6269: gcc -o conftest -ffreestanding -nostdlib -fno-builtin -m32   conftest.c conftstm.o >&5
/usr/bin/x86_64-linux-gnu-ld: warning: cannot find entry symbol _start; defaulting to 00000000000001e0
configure:6272: $? = 0
configure:6310: result: ok
configure:6357: checking for sysroot
configure:6387: result: no
configure:6394: checking for a working dd
configure:6432: result: /bin/dd
configure:6436: checking how to truncate binary pipes
configure:6451: result: /bin/dd bs=4096 count=1
configure:6740: checking for i386-mt
configure:6770: result: no
configure:6780: checking for mt
configure:6796: found /bin/mt
configure:6807: result: mt
configure:6830: checking if mt is a manifest tool
configure:6836: mt '-?'
configure:6844: result: no
configure:7521: checking how to run the C preprocessor
configure:7552: gcc -E  conftest.c
configure:7552: $? = 0
configure:7566: gcc -E  conftest.c
conftest.c:11:10: fatal error: ac_nonexistent.h: No such file or directory
 #include <ac_nonexistent.h>
          ^~~~~~~~~~~~~~~~~~
compilation terminated.
configure:7566: $? = 1
configure: failed program was:
| /* confdefs.h */
| #define PACKAGE_NAME "jansson"
| #define PACKAGE_TARNAME "jansson"
| #define PACKAGE_VERSION "2.11"
| #define PACKAGE_STRING "jansson 2.11"
| #define PACKAGE_BUGREPORT "petri@digip.org"
| #define PACKAGE_URL ""
| #define PACKAGE "jansson"
| #define VERSION "2.11"
| /* end confdefs.h.  */
| #include <ac_nonexistent.h>
configure:7591: result: gcc -E
configure:7611: gcc -E  conftest.c
configure:7611: $? = 0
configure:7625: gcc -E  conftest.c
conftest.c:11:10: fatal error: ac_nonexistent.h: No such file or directory
 #include <ac_nonexistent.h>
          ^~~~~~~~~~~~~~~~~~
compilation terminated.
configure:7625: $? = 1
configure: failed program was:
| /* confdefs.h */
| #define PACKAGE_NAME "jansson"
| #define PACKAGE_TARNAME "jansson"
| #define PACKAGE_VERSION "2.11"
| #define PACKAGE_STRING "jansson 2.11"
| #define PACKAGE_BUGREPORT "petri@digip.org"
| #define PACKAGE_URL ""
| #define PACKAGE "jansson"
| #define VERSION "2.11"
| /* end confdefs.h.  */
| #include <ac_nonexistent.h>
configure:7654: checking for ANSI C header files
configure:7674: gcc -c -ffreestanding -nostdlib -fno-builtin -m32  conftest.c >&5
configure:7674: $? = 0
configure:7758: result: yes
configure:7771: checking for sys/types.h
configure:7771: gcc -c -ffreestanding -nostdlib -fno-builtin -m32  conftest.c >&5
configure:7771: $? = 0
configure:7771: result: yes
configure:7771: checking for sys/stat.h
configure:7771: gcc -c -ffreestanding -nostdlib -fno-builtin -m32  conftest.c >&5
configure:7771: $? = 0
configure:7771: result: yes
configure:7771: checking for stdlib.h
configure:7771: gcc -c -ffreestanding -nostdlib -fno-builtin -m32  conftest.c >&5
configure:7771: $? = 0
configure:7771: result: yes
configure:7771: checking for string.h
configure:7771: gcc -c -ffreestanding -nostdlib -fno-builtin -m32  conftest.c >&5
configure:7771: $? = 0
configure:7771: result: yes
configure:7771: checking for memory.h
configure:7771: gcc -c -ffreestanding -nostdlib -fno-builtin -m32  conftest.c >&5
configure:7771: $? = 0
configure:7771: result: yes
configure:7771: checking for strings.h
configure:7771: gcc -c -ffreestanding -nostdlib -fno-builtin -m32  conftest.c >&5
configure:7771: $? = 0
configure:7771: result: yes
configure:7771: checking for inttypes.h
configure:7771: gcc -c -ffreestanding -nostdlib -fno-builtin -m32  conftest.c >&5
configure:7771: $? = 0
configure:7771: result: yes
configure:7771: checking for stdint.h
configure:7771: gcc -c -ffreestanding -nostdlib -fno-builtin -m32  conftest.c >&5
configure:7771: $? = 0
configure:7771: result: yes
configure:7771: checking for unistd.h
configure:7771: gcc -c -ffreestanding -nostdlib -fno-builtin -m32  conftest.c >&5
configure:7771: $? = 0
configure:7771: result: yes
configure:7785: checking for dlfcn.h
configure:7785: gcc -c -ffreestanding -nostdlib -fno-builtin -m32  conftest.c >&5
configure:7785: $? = 0
configure:7785: result: yes
configure:8041: checking for objdir
configure:8056: result: .libs
configure:8316: checking if gcc supports -fno-rtti -fno-exceptions
configure:8334: gcc -c -ffreestanding -nostdlib -fno-builtin -m32  -fno-rtti -fno-exceptions conftest.c >&5
cc1: warning: command line option '-fno-rtti' is valid for C++/ObjC++ but not for C
configure:8338: $? = 0
configure:8351: result: no
configure:8709: checking for gcc option to produce PIC
configure:8716: result: -fPIC -DPIC
configure:8724: checking if gcc PIC flag -fPIC -DPIC works
configure:8742: gcc -c -ffreestanding -nostdlib -fno-builtin -m32  -fPIC -DPIC -DPIC conftest.c >&5
configure:8746: $? = 0
configure:8759: result: yes
configure:8788: checking if gcc static flag -static works
/usr/bin/x86_64-linux-gnu-ld: warning: cannot find entry symbol _start; defaulting to 00000000080480d8
configure:8816: result: no
configure:8831: checking if gcc supports -c -o file.o
configure:8852: gcc -c -ffreestanding -nostdlib -fno-builtin -m32  -o out/conftest2.o conftest.c >&5
configure:8856: $? = 0
configure:8878: result: yes
configure:8886: checking if gcc supports -c -o file.o
configure:8933: result: yes
configure:8966: checking whether the gcc linker (/usr/bin/x86_64-linux-gnu-ld) supports shared libraries
configure:10229: result: yes
configure:10469: checking dynamic linker characteristics
configure:11299: result: no
configure:11421: checking how to hardcode library paths into programs
configure:11446: result: immediate
configure:11994: checking whether stripping libraries is possible
configure:11999: result: yes
configure:12034: checking if libtool supports shared libraries
configure:12036: result: no
configure:12039: checking whether to build shared libraries
configure:12064: result: no
configure:12067: checking whether to build static libraries
configure:12071: result: yes
configure:12123: checking endian.h usability
configure:12123: gcc -c -ffreestanding -nostdlib -fno-builtin -m32  conftest.c >&5
configure:12123: $? = 0
configure:12123: result: yes
configure:12123: checking endian.h presence
configure:12123: gcc -E  conftest.c
configure:12123: $? = 0
configure:12123: result: yes
configure:12123: checking for endian.h
configure:12123: result: yes
configure:12123: checking fcntl.h usability
configure:12123: gcc -c -ffreestanding -nostdlib -fno-builtin -m32  conftest.c >&5
configure:12123: $? = 0
configure:12123: result: yes
configure:12123: checking fcntl.h presence
configure:12123: gcc -E  conftest.c
configure:12123: $? = 0
configure:12123: result: yes
configure:12123: checking for fcntl.h
configure:12123: result: yes
configure:12123: checking locale.h usability
configure:12123: gcc -c -ffreestanding -nostdlib -fno-builtin -m32  conftest.c >&5
configure:12123: $? = 0
configure:12123: result: yes
configure:12123: checking locale.h presence
configure:12123: gcc -E  conftest.c
configure:12123: $? = 0
configure:12123: result: yes
configure:12123: checking for locale.h
configure:12123: result: yes
configure:12123: checking sched.h usability
configure:12123: gcc -c -ffreestanding -nostdlib -fno-builtin -m32  conftest.c >&5
configure:12123: $? = 0
configure:12123: result: yes
configure:12123: checking sched.h presence
configure:12123: gcc -E  conftest.c
configure:12123: $? = 0
configure:12123: result: yes
configure:12123: checking for sched.h
configure:12123: result: yes
configure:12123: checking for unistd.h
configure:12123: result: yes
configure:12123: checking sys/param.h usability
configure:12123: gcc -c -ffreestanding -nostdlib -fno-builtin -m32  conftest.c >&5
configure:12123: $? = 0
configure:12123: result: yes
configure:12123: checking sys/param.h presence
configure:12123: gcc -E  conftest.c
configure:12123: $? = 0
configure:12123: result: yes
configure:12123: checking for sys/param.h
configure:12123: result: yes
configure:12123: checking for sys/stat.h
configure:12123: result: yes
configure:12123: checking sys/time.h usability
configure:12123: gcc -c -ffreestanding -nostdlib -fno-builtin -m32  conftest.c >&5
configure:12123: $? = 0
configure:12123: result: yes
configure:12123: checking sys/time.h presence
configure:12123: gcc -E  conftest.c
configure:12123: $? = 0
configure:12123: result: yes
configure:12123: checking for sys/time.h
configure:12123: result: yes
configure:12123: checking for sys/types.h
configure:12123: result: yes
configure:12135: checking for int32_t
configure:12135: gcc -c -ffreestanding -nostdlib -fno-builtin -m32  conftest.c >&5
configure:12135: $? = 0
configure:12135: gcc -c -ffreestanding -nostdlib -fno-builtin -m32  conftest.c >&5
conftest.c: In function 'main':
conftest.c:70:53: warning: integer overflow in expression [-Woverflow]
    < (int32_t) (((((int32_t) 1 << N) << N) - 1) * 2 + 2))];
                                                     ^
conftest.c:69:12: error: storage size of 'test_array' isn't constant
 static int test_array [1 - 2 * !((int32_t) (((((int32_t) 1 << N) << N) - 1) * 2 + 1)
            ^~~~~~~~~~
configure:12135: $? = 1
configure: failed program was:
| /* confdefs.h */
| #define PACKAGE_NAME "jansson"
| #define PACKAGE_TARNAME "jansson"
| #define PACKAGE_VERSION "2.11"
| #define PACKAGE_STRING "jansson 2.11"
| #define PACKAGE_BUGREPORT "petri@digip.org"
| #define PACKAGE_URL ""
| #define PACKAGE "jansson"
| #define VERSION "2.11"
| #define STDC_HEADERS 1
| #define HAVE_SYS_TYPES_H 1
| #define HAVE_SYS_STAT_H 1
| #define HAVE_STDLIB_H 1
| #define HAVE_STRING_H 1
| #define HAVE_MEMORY_H 1
| #define HAVE_STRINGS_H 1
| #define HAVE_INTTYPES_H 1
| #define HAVE_STDINT_H 1
| #define HAVE_UNISTD_H 1
| #define HAVE_DLFCN_H 1
| #define LT_OBJDIR ".libs/"
| #define HAVE_ENDIAN_H 1
| #define HAVE_FCNTL_H 1
| #define HAVE_LOCALE_H 1
| #define HAVE_SCHED_H 1
| #define HAVE_UNISTD_H 1
| #define HAVE_SYS_PARAM_H 1
| #define HAVE_SYS_STAT_H 1
| #define HAVE_SYS_TIME_H 1
| #define HAVE_SYS_TYPES_H 1
| /* end confdefs.h.  */
| #include <stdio.h>
| #ifdef HAVE_SYS_TYPES_H
| # include <sys/types.h>
| #endif
| #ifdef HAVE_SYS_STAT_H
| # include <sys/stat.h>
| #endif
| #ifdef STDC_HEADERS
| # include <stdlib.h>
| # include <stddef.h>
| #else
| # ifdef HAVE_STDLIB_H
| #  include <stdlib.h>
| # endif
| #endif
| #ifdef HAVE_STRING_H
| # if !defined STDC_HEADERS && defined HAVE_MEMORY_H
| #  include <memory.h>
| # endif
| # include <string.h>
| #endif
| #ifdef HAVE_STRINGS_H
| # include <strings.h>
| #endif
| #ifdef HAVE_INTTYPES_H
| # include <inttypes.h>
| #endif
| #ifdef HAVE_STDINT_H
| # include <stdint.h>
| #endif
| #ifdef HAVE_UNISTD_H
| # include <unistd.h>
| #endif
| 	        enum { N = 32 / 2 - 1 };
| int
| main ()
| {
| static int test_array [1 - 2 * !((int32_t) (((((int32_t) 1 << N) << N) - 1) * 2 + 1)
| 		 < (int32_t) (((((int32_t) 1 << N) << N) - 1) * 2 + 2))];
| test_array [0] = 0;
| return test_array [0];
| 
|   ;
|   return 0;
| }
configure:12135: result: yes
configure:12146: checking for uint32_t
configure:12146: gcc -c -ffreestanding -nostdlib -fno-builtin -m32  conftest.c >&5
configure:12146: $? = 0
configure:12146: result: yes
configure:12160: checking for uint16_t
configure:12160: gcc -c -ffreestanding -nostdlib -fno-builtin -m32  conftest.c >&5
configure:12160: $? = 0
configure:12160: result: yes
configure:12172: checking for uint8_t
configure:12172: gcc -c -ffreestanding -nostdlib -fno-builtin -m32  conftest.c >&5
configure:12172: $? = 0
configure:12172: result: yes
configure:12187: checking for unsigned long long int
configure:12226: gcc -o conftest -ffreestanding -nostdlib -fno-builtin -m32   conftest.c  >&5
/usr/bin/x86_64-linux-gnu-ld: warning: cannot find entry symbol _start; defaulting to 0000000000000230
/tmp/ccAG3dWN.o: In function `main':
conftest.c:(.text+0xeb): undefined reference to `__divdi3'
conftest.c:(.text+0x10d): undefined reference to `__moddi3'
conftest.c:(.text+0x18c): undefined reference to `__udivdi3'
conftest.c:(.text+0x1ae): undefined reference to `__umoddi3'
collect2: error: ld returned 1 exit status
configure:12226: $? = 1
configure: failed program was:
| /* confdefs.h */
| #define PACKAGE_NAME "jansson"
| #define PACKAGE_TARNAME "jansson"
| #define PACKAGE_VERSION "2.11"
| #define PACKAGE_STRING "jansson 2.11"
| #define PACKAGE_BUGREPORT "petri@digip.org"
| #define PACKAGE_URL ""
| #define PACKAGE "jansson"
| #define VERSION "2.11"
| #define STDC_HEADERS 1
| #define HAVE_SYS_TYPES_H 1
| #define HAVE_SYS_STAT_H 1
| #define HAVE_STDLIB_H 1
| #define HAVE_STRING_H 1
| #define HAVE_MEMORY_H 1
| #define HAVE_STRINGS_H 1
| #define HAVE_INTTYPES_H 1
| #define HAVE_STDINT_H 1
| #define HAVE_UNISTD_H 1
| #define HAVE_DLFCN_H 1
| #define LT_OBJDIR ".libs/"
| #define HAVE_ENDIAN_H 1
| #define HAVE_FCNTL_H 1
| #define HAVE_LOCALE_H 1
| #define HAVE_SCHED_H 1
| #define HAVE_UNISTD_H 1
| #define HAVE_SYS_PARAM_H 1
| #define HAVE_SYS_STAT_H 1
| #define HAVE_SYS_TIME_H 1
| #define HAVE_SYS_TYPES_H 1
| /* end confdefs.h.  */
| 
|   /* For now, do not test the preprocessor; as of 2007 there are too many
|          implementations with broken preprocessors.  Perhaps this can
|          be revisited in 2012.  In the meantime, code should not expect
|          #if to work with literals wider than 32 bits.  */
|       /* Test literals.  */
|       long long int ll = 9223372036854775807ll;
|       long long int nll = -9223372036854775807LL;
|       unsigned long long int ull = 18446744073709551615ULL;
|       /* Test constant expressions.   */
|       typedef int a[((-9223372036854775807LL < 0 && 0 < 9223372036854775807ll)
|                      ? 1 : -1)];
|       typedef int b[(18446744073709551615ULL <= (unsigned long long int) -1
|                      ? 1 : -1)];
|       int i = 63;
| int
| main ()
| {
| /* Test availability of runtime routines for shift and division.  */
|       long long int llmax = 9223372036854775807ll;
|       unsigned long long int ullmax = 18446744073709551615ull;
|       return ((ll << 63) | (ll >> 63) | (ll < i) | (ll > i)
|               | (llmax / ll) | (llmax % ll)
|               | (ull << 63) | (ull >> 63) | (ull << i) | (ull >> i)
|               | (ullmax / ull) | (ullmax % ull));
|   ;
|   return 0;
| }
| 
configure:12235: result: no
configure:12245: checking for long long int
configure:12295: result: no
configure:12304: checking for inline
configure:12320: gcc -c -ffreestanding -nostdlib -fno-builtin -m32  conftest.c >&5
configure:12320: $? = 0
configure:12328: result: inline
configure:12357: checking for close
configure:12357: gcc -o conftest -ffreestanding -nostdlib -fno-builtin -m32   conftest.c  >&5
/usr/bin/x86_64-linux-gnu-ld: warning: cannot find entry symbol _start; defaulting to 00000000000001e0
/tmp/ccZFEksP.o: In function `main':
conftest.c:(.text+0x1c): undefined reference to `close'
collect2: error: ld returned 1 exit status
configure:12357: $? = 1
configure: failed program was:
| /* confdefs.h */
| #define PACKAGE_NAME "jansson"
| #define PACKAGE_TARNAME "jansson"
| #define PACKAGE_VERSION "2.11"
| #define PACKAGE_STRING "jansson 2.11"
| #define PACKAGE_BUGREPORT "petri@digip.org"
| #define PACKAGE_URL ""
| #define PACKAGE "jansson"
| #define VERSION "2.11"
| #define STDC_HEADERS 1
| #define HAVE_SYS_TYPES_H 1
| #define HAVE_SYS_STAT_H 1
| #define HAVE_STDLIB_H 1
| #define HAVE_STRING_H 1
| #define HAVE_MEMORY_H 1
| #define HAVE_STRINGS_H 1
| #define HAVE_INTTYPES_H 1
| #define HAVE_STDINT_H 1
| #define HAVE_UNISTD_H 1
| #define HAVE_DLFCN_H 1
| #define LT_OBJDIR ".libs/"
| #define HAVE_ENDIAN_H 1
| #define HAVE_FCNTL_H 1
| #define HAVE_LOCALE_H 1
| #define HAVE_SCHED_H 1
| #define HAVE_UNISTD_H 1
| #define HAVE_SYS_PARAM_H 1
| #define HAVE_SYS_STAT_H 1
| #define HAVE_SYS_TIME_H 1
| #define HAVE_SYS_TYPES_H 1
| /* end confdefs.h.  */
| /* Define close to an innocuous variant, in case <limits.h> declares close.
|    For example, HP-UX 11i <limits.h> declares gettimeofday.  */
| #define close innocuous_close
| 
| /* System header to define __stub macros and hopefully few prototypes,
|     which can conflict with char close (); below.
|     Prefer <limits.h> to <assert.h> if __STDC__ is defined, since
|     <limits.h> exists even on freestanding compilers.  */
| 
| #ifdef __STDC__
| # include <limits.h>
| #else
| # include <assert.h>
| #endif
| 
| #undef close
| 
| /* Override any GCC internal prototype to avoid an error.
|    Use char because int might match the return type of a GCC
|    builtin and then its argument prototype would still apply.  */
| #ifdef __cplusplus
| extern "C"
| #endif
| char close ();
| /* The GNU C library defines this for functions which it implements
|     to always fail with ENOSYS.  Some functions are actually named
|     something starting with __ and the normal name is an alias.  */
| #if defined __stub_close || defined __stub___close
| choke me
| #endif
| 
| int
| main ()
| {
| return close ();
|   ;
|   return 0;
| }
configure:12357: result: no
configure:12357: checking for getpid
configure:12357: gcc -o conftest -ffreestanding -nostdlib -fno-builtin -m32   conftest.c  >&5
/usr/bin/x86_64-linux-gnu-ld: warning: cannot find entry symbol _start; defaulting to 00000000000001e0
/tmp/cc4TXtZV.o: In function `main':
conftest.c:(.text+0x1c): undefined reference to `getpid'
collect2: error: ld returned 1 exit status
configure:12357: $? = 1
configure: failed program was:
| /* confdefs.h */
| #define PACKAGE_NAME "jansson"
| #define PACKAGE_TARNAME "jansson"
| #define PACKAGE_VERSION "2.11"
| #define PACKAGE_STRING "jansson 2.11"
| #define PACKAGE_BUGREPORT "petri@digip.org"
| #define PACKAGE_URL ""
| #define PACKAGE "jansson"
| #define VERSION "2.11"
| #define STDC_HEADERS 1
| #define HAVE_SYS_TYPES_H 1
| #define HAVE_SYS_STAT_H 1
| #define HAVE_STDLIB_H 1
| #define HAVE_STRING_H 1
| #define HAVE_MEMORY_H 1
| #define HAVE_STRINGS_H 1
| #define HAVE_INTTYPES_H 1
| #define HAVE_STDINT_H 1
| #define HAVE_UNISTD_H 1
| #define HAVE_DLFCN_H 1
| #define LT_OBJDIR ".libs/"
| #define HAVE_ENDIAN_H 1
| #define HAVE_FCNTL_H 1
| #define HAVE_LOCALE_H 1
| #define HAVE_SCHED_H 1
| #define HAVE_UNISTD_H 1
| #define HAVE_SYS_PARAM_H 1
| #define HAVE_SYS_STAT_H 1
| #define HAVE_SYS_TIME_H 1
| #define HAVE_SYS_TYPES_H 1
| /* end confdefs.h.  */
| /* Define getpid to an innocuous variant, in case <limits.h> declares getpid.
|    For example, HP-UX 11i <limits.h> declares gettimeofday.  */
| #define getpid innocuous_getpid
| 
| /* System header to define __stub macros and hopefully few prototypes,
|     which can conflict with char getpid (); below.
|     Prefer <limits.h> to <assert.h> if __STDC__ is defined, since
|     <limits.h> exists even on freestanding compilers.  */
| 
| #ifdef __STDC__
| # include <limits.h>
| #else
| # include <assert.h>
| #endif
| 
| #undef getpid
| 
| /* Override any GCC internal prototype to avoid an error.
|    Use char because int might match the return type of a GCC
|    builtin and then its argument prototype would still apply.  */
| #ifdef __cplusplus
| extern "C"
| #endif
| char getpid ();
| /* The GNU C library defines this for functions which it implements
|     to always fail with ENOSYS.  Some functions are actually named
|     something starting with __ and the normal name is an alias.  */
| #if defined __stub_getpid || defined __stub___getpid
| choke me
| #endif
| 
| int
| main ()
| {
| return getpid ();
|   ;
|   return 0;
| }
configure:12357: result: no
configure:12357: checking for gettimeofday
configure:12357: gcc -o conftest -ffreestanding -nostdlib -fno-builtin -m32   conftest.c  >&5
/usr/bin/x86_64-linux-gnu-ld: warning: cannot find entry symbol _start; defaulting to 00000000000001e0
/tmp/ccQDkXxY.o: In function `main':
conftest.c:(.text+0x1c): undefined reference to `gettimeofday'
collect2: error: ld returned 1 exit status
configure:12357: $? = 1
configure: failed program was:
| /* confdefs.h */
| #define PACKAGE_NAME "jansson"
| #define PACKAGE_TARNAME "jansson"
| #define PACKAGE_VERSION "2.11"
| #define PACKAGE_STRING "jansson 2.11"
| #define PACKAGE_BUGREPORT "petri@digip.org"
| #define PACKAGE_URL ""
| #define PACKAGE "jansson"
| #define VERSION "2.11"
| #define STDC_HEADERS 1
| #define HAVE_SYS_TYPES_H 1
| #define HAVE_SYS_STAT_H 1
| #define HAVE_STDLIB_H 1
| #define HAVE_STRING_H 1
| #define HAVE_MEMORY_H 1
| #define HAVE_STRINGS_H 1
| #define HAVE_INTTYPES_H 1
| #define HAVE_STDINT_H 1
| #define HAVE_UNISTD_H 1
| #define HAVE_DLFCN_H 1
| #define LT_OBJDIR ".libs/"
| #define HAVE_ENDIAN_H 1
| #define HAVE_FCNTL_H 1
| #define HAVE_LOCALE_H 1
| #define HAVE_SCHED_H 1
| #define HAVE_UNISTD_H 1
| #define HAVE_SYS_PARAM_H 1
| #define HAVE_SYS_STAT_H 1
| #define HAVE_SYS_TIME_H 1
| #define HAVE_SYS_TYPES_H 1
| /* end confdefs.h.  */
| /* Define gettimeofday to an innocuous variant, in case <limits.h> declares gettimeofday.
|    For example, HP-UX 11i <limits.h> declares gettimeofday.  */
| #define gettimeofday innocuous_gettimeofday
| 
| /* System header to define __stub macros and hopefully few prototypes,
|     which can conflict with char gettimeofday (); below.
|     Prefer <limits.h> to <assert.h> if __STDC__ is defined, since
|     <limits.h> exists even on freestanding compilers.  */
| 
| #ifdef __STDC__
| # include <limits.h>
| #else
| # include <assert.h>
| #endif
| 
| #undef gettimeofday
| 
| /* Override any GCC internal prototype to avoid an error.
|    Use char because int might match the return type of a GCC
|    builtin and then its argument prototype would still apply.  */
| #ifdef __cplusplus
| extern "C"
| #endif
| char gettimeofday ();
| /* The GNU C library defines this for functions which it implements
|     to always fail with ENOSYS.  Some functions are actually named
|     something starting with __ and the normal name is an alias.  */
| #if defined __stub_gettimeofday || defined __stub___gettimeofday
| choke me
| #endif
| 
| int
| main ()
| {
| return gettimeofday ();
|   ;
|   return 0;
| }
configure:12357: result: no
configure:12357: checking for localeconv
configure:12357: gcc -o conftest -ffreestanding -nostdlib -fno-builtin -m32   conftest.c  >&5
/usr/bin/x86_64-linux-gnu-ld: warning: cannot find entry symbol _start; defaulting to 00000000000001e0
/tmp/cc8nvAUY.o: In function `main':
conftest.c:(.text+0x1c): undefined reference to `localeconv'
collect2: error: ld returned 1 exit status
configure:12357: $? = 1
configure: failed program was:
| /* confdefs.h */
| #define PACKAGE_NAME "jansson"
| #define PACKAGE_TARNAME "jansson"
| #define PACKAGE_VERSION "2.11"
| #define PACKAGE_STRING "jansson 2.11"
| #define PACKAGE_BUGREPORT "petri@digip.org"
| #define PACKAGE_URL ""
| #define PACKAGE "jansson"
| #define VERSION "2.11"
| #define STDC_HEADERS 1
| #define HAVE_SYS_TYPES_H 1
| #define HAVE_SYS_STAT_H 1
| #define HAVE_STDLIB_H 1
| #define HAVE_STRING_H 1
| #define HAVE_MEMORY_H 1
| #define HAVE_STRINGS_H 1
| #define HAVE_INTTYPES_H 1
| #define HAVE_STDINT_H 1
| #define HAVE_UNISTD_H 1
| #define HAVE_DLFCN_H 1
| #define LT_OBJDIR ".libs/"
| #define HAVE_ENDIAN_H 1
| #define HAVE_FCNTL_H 1
| #define HAVE_LOCALE_H 1
| #define HAVE_SCHED_H 1
| #define HAVE_UNISTD_H 1
| #define HAVE_SYS_PARAM_H 1
| #define HAVE_SYS_STAT_H 1
| #define HAVE_SYS_TIME_H 1
| #define HAVE_SYS_TYPES_H 1
| /* end confdefs.h.  */
| /* Define localeconv to an innocuous variant, in case <limits.h> declares localeconv.
|    For example, HP-UX 11i <limits.h> declares gettimeofday.  */
| #define localeconv innocuous_localeconv
| 
| /* System header to define __stub macros and hopefully few prototypes,
|     which can conflict with char localeconv (); below.
|     Prefer <limits.h> to <assert.h> if __STDC__ is defined, since
|     <limits.h> exists even on freestanding compilers.  */
| 
| #ifdef __STDC__
| # include <limits.h>
| #else
| # include <assert.h>
| #endif
| 
| #undef localeconv
| 
| /* Override any GCC internal prototype to avoid an error.
|    Use char because int might match the return type of a GCC
|    builtin and then its argument prototype would still apply.  */
| #ifdef __cplusplus
| extern "C"
| #endif
| char localeconv ();
| /* The GNU C library defines this for functions which it implements
|     to always fail with ENOSYS.  Some functions are actually named
|     something starting with __ and the normal name is an alias.  */
| #if defined __stub_localeconv || defined __stub___localeconv
| choke me
| #endif
| 
| int
| main ()
| {
| return localeconv ();
|   ;
|   return 0;
| }
configure:12357: result: no
configure:12357: checking for open
configure:12357: gcc -o conftest -ffreestanding -nostdlib -fno-builtin -m32   conftest.c  >&5
/usr/bin/x86_64-linux-gnu-ld: warning: cannot find entry symbol _start; defaulting to 00000000000001e0
/tmp/ccHdqhr1.o: In function `main':
conftest.c:(.text+0x1c): undefined reference to `open'
collect2: error: ld returned 1 exit status
configure:12357: $? = 1
configure: failed program was:
| /* confdefs.h */
| #define PACKAGE_NAME "jansson"
| #define PACKAGE_TARNAME "jansson"
| #define PACKAGE_VERSION "2.11"
| #define PACKAGE_STRING "jansson 2.11"
| #define PACKAGE_BUGREPORT "petri@digip.org"
| #define PACKAGE_URL ""
| #define PACKAGE "jansson"
| #define VERSION "2.11"
| #define STDC_HEADERS 1
| #define HAVE_SYS_TYPES_H 1
| #define HAVE_SYS_STAT_H 1
| #define HAVE_STDLIB_H 1
| #define HAVE_STRING_H 1
| #define HAVE_MEMORY_H 1
| #define HAVE_STRINGS_H 1
| #define HAVE_INTTYPES_H 1
| #define HAVE_STDINT_H 1
| #define HAVE_UNISTD_H 1
| #define HAVE_DLFCN_H 1
| #define LT_OBJDIR ".libs/"
| #define HAVE_ENDIAN_H 1
| #define HAVE_FCNTL_H 1
| #define HAVE_LOCALE_H 1
| #define HAVE_SCHED_H 1
| #define HAVE_UNISTD_H 1
| #define HAVE_SYS_PARAM_H 1
| #define HAVE_SYS_STAT_H 1
| #define HAVE_SYS_TIME_H 1
| #define HAVE_SYS_TYPES_H 1
| /* end confdefs.h.  */
| /* Define open to an innocuous variant, in case <limits.h> declares open.
|    For example, HP-UX 11i <limits.h> declares gettimeofday.  */
| #define open innocuous_open
| 
| /* System header to define __stub macros and hopefully few prototypes,
|     which can conflict with char open (); below.
|     Prefer <limits.h> to <assert.h> if __STDC__ is defined, since
|     <limits.h> exists even on freestanding compilers.  */
| 
| #ifdef __STDC__
| # include <limits.h>
| #else
| # include <assert.h>
| #endif
| 
| #undef open
| 
| /* Override any GCC internal prototype to avoid an error.
|    Use char because int might match the return type of a GCC
|    builtin and then its argument prototype would still apply.  */
| #ifdef __cplusplus
| extern "C"
| #endif
| char open ();
| /* The GNU C library defines this for functions which it implements
|     to always fail with ENOSYS.  Some functions are actually named
|     something starting with __ and the normal name is an alias.  */
| #if defined __stub_open || defined __stub___open
| choke me
| #endif
| 
| int
| main ()
| {
| return open ();
|   ;
|   return 0;
| }
configure:12357: result: no
configure:12357: checking for read
configure:12357: gcc -o conftest -ffreestanding -nostdlib -fno-builtin -m32   conftest.c  >&5
/usr/bin/x86_64-linux-gnu-ld: warning: cannot find entry symbol _start; defaulting to 00000000000001e0
/tmp/ccFyUCD4.o: In function `main':
conftest.c:(.text+0x1c): undefined reference to `read'
collect2: error: ld returned 1 exit status
configure:12357: $? = 1
configure: failed program was:
| /* confdefs.h */
| #define PACKAGE_NAME "jansson"
| #define PACKAGE_TARNAME "jansson"
| #define PACKAGE_VERSION "2.11"
| #define PACKAGE_STRING "jansson 2.11"
| #define PACKAGE_BUGREPORT "petri@digip.org"
| #define PACKAGE_URL ""
| #define PACKAGE "jansson"
| #define VERSION "2.11"
| #define STDC_HEADERS 1
| #define HAVE_SYS_TYPES_H 1
| #define HAVE_SYS_STAT_H 1
| #define HAVE_STDLIB_H 1
| #define HAVE_STRING_H 1
| #define HAVE_MEMORY_H 1
| #define HAVE_STRINGS_H 1
| #define HAVE_INTTYPES_H 1
| #define HAVE_STDINT_H 1
| #define HAVE_UNISTD_H 1
| #define HAVE_DLFCN_H 1
| #define LT_OBJDIR ".libs/"
| #define HAVE_ENDIAN_H 1
| #define HAVE_FCNTL_H 1
| #define HAVE_LOCALE_H 1
| #define HAVE_SCHED_H 1
| #define HAVE_UNISTD_H 1
| #define HAVE_SYS_PARAM_H 1
| #define HAVE_SYS_STAT_H 1
| #define HAVE_SYS_TIME_H 1
| #define HAVE_SYS_TYPES_H 1
| /* end confdefs.h.  */
| /* Define read to an innocuous variant, in case <limits.h> declares read.
|    For example, HP-UX 11i <limits.h> declares gettimeofday.  */
| #define read innocuous_read
| 
| /* System header to define __stub macros and hopefully few prototypes,
|     which can conflict with char read (); below.
|     Prefer <limits.h> to <assert.h> if __STDC__ is defined, since
|     <limits.h> exists even on freestanding compilers.  */
| 
| #ifdef __STDC__
| # include <limits.h>
| #else
| # include <assert.h>
| #endif
| 
| #undef read
| 
| /* Override any GCC internal prototype to avoid an error.
|    Use char because int might match the return type of a GCC
|    builtin and then its argument prototype would still apply.  */
| #ifdef __cplusplus
| extern "C"
| #endif
| char read ();
| /* The GNU C library defines this for functions which it implements
|     to always fail with ENOSYS.  Some functions are actually named
|     something starting with __ and the normal name is an alias.  */
| #if defined __stub_read || defined __stub___read
| choke me
| #endif
| 
| int
| main ()
| {
| return read ();
|   ;
|   return 0;
| }
configure:12357: result: no
configure:12357: checking for sched_yield
configure:12357: gcc -o conftest -ffreestanding -nostdlib -fno-builtin -m32   conftest.c  >&5
/usr/bin/x86_64-linux-gnu-ld: warning: cannot find entry symbol _start; defaulting to 00000000000001e0
/tmp/ccvAN4a7.o: In function `main':
conftest.c:(.text+0x1c): undefined reference to `sched_yield'
collect2: error: ld returned 1 exit status
configure:12357: $? = 1
configure: failed program was:
| /* confdefs.h */
| #define PACKAGE_NAME "jansson"
| #define PACKAGE_TARNAME "jansson"
| #define PACKAGE_VERSION "2.11"
| #define PACKAGE_STRING "jansson 2.11"
| #define PACKAGE_BUGREPORT "petri@digip.org"
| #define PACKAGE_URL ""
| #define PACKAGE "jansson"
| #define VERSION "2.11"
| #define STDC_HEADERS 1
| #define HAVE_SYS_TYPES_H 1
| #define HAVE_SYS_STAT_H 1
| #define HAVE_STDLIB_H 1
| #define HAVE_STRING_H 1
| #define HAVE_MEMORY_H 1
| #define HAVE_STRINGS_H 1
| #define HAVE_INTTYPES_H 1
| #define HAVE_STDINT_H 1
| #define HAVE_UNISTD_H 1
| #define HAVE_DLFCN_H 1
| #define LT_OBJDIR ".libs/"
| #define HAVE_ENDIAN_H 1
| #define HAVE_FCNTL_H 1
| #define HAVE_LOCALE_H 1
| #define HAVE_SCHED_H 1
| #define HAVE_UNISTD_H 1
| #define HAVE_SYS_PARAM_H 1
| #define HAVE_SYS_STAT_H 1
| #define HAVE_SYS_TIME_H 1
| #define HAVE_SYS_TYPES_H 1
| /* end confdefs.h.  */
| /* Define sched_yield to an innocuous variant, in case <limits.h> declares sched_yield.
|    For example, HP-UX 11i <limits.h> declares gettimeofday.  */
| #define sched_yield innocuous_sched_yield
| 
| /* System header to define __stub macros and hopefully few prototypes,
|     which can conflict with char sched_yield (); below.
|     Prefer <limits.h> to <assert.h> if __STDC__ is defined, since
|     <limits.h> exists even on freestanding compilers.  */
| 
| #ifdef __STDC__
| # include <limits.h>
| #else
| # include <assert.h>
| #endif
| 
| #undef sched_yield
| 
| /* Override any GCC internal prototype to avoid an error.
|    Use char because int might match the return type of a GCC
|    builtin and then its argument prototype would still apply.  */
| #ifdef __cplusplus
| extern "C"
| #endif
| char sched_yield ();
| /* The GNU C library defines this for functions which it implements
|     to always fail with ENOSYS.  Some functions are actually named
|     something starting with __ and the normal name is an alias.  */
| #if defined __stub_sched_yield || defined __stub___sched_yield
| choke me
| #endif
| 
| int
| main ()
| {
| return sched_yield ();
|   ;
|   return 0;
| }
configure:12357: result: no
configure:12357: checking for strtoll
configure:12357: gcc -o conftest -ffreestanding -nostdlib -fno-builtin -m32   conftest.c  >&5
/usr/bin/x86_64-linux-gnu-ld: warning: cannot find entry symbol _start; defaulting to 00000000000001e0
/tmp/cc1VzOV9.o: In function `main':
conftest.c:(.text+0x1c): undefined reference to `strtoll'
collect2: error: ld returned 1 exit status
configure:12357: $? = 1
configure: failed program was:
| /* confdefs.h */
| #define PACKAGE_NAME "jansson"
| #define PACKAGE_TARNAME "jansson"
| #define PACKAGE_VERSION "2.11"
| #define PACKAGE_STRING "jansson 2.11"
| #define PACKAGE_BUGREPORT "petri@digip.org"
| #define PACKAGE_URL ""
| #define PACKAGE "jansson"
| #define VERSION "2.11"
| #define STDC_HEADERS 1
| #define HAVE_SYS_TYPES_H 1
| #define HAVE_SYS_STAT_H 1
| #define HAVE_STDLIB_H 1
| #define HAVE_STRING_H 1
| #define HAVE_MEMORY_H 1
| #define HAVE_STRINGS_H 1
| #define HAVE_INTTYPES_H 1
| #define HAVE_STDINT_H 1
| #define HAVE_UNISTD_H 1
| #define HAVE_DLFCN_H 1
| #define LT_OBJDIR ".libs/"
| #define HAVE_ENDIAN_H 1
| #define HAVE_FCNTL_H 1
| #define HAVE_LOCALE_H 1
| #define HAVE_SCHED_H 1
| #define HAVE_UNISTD_H 1
| #define HAVE_SYS_PARAM_H 1
| #define HAVE_SYS_STAT_H 1
| #define HAVE_SYS_TIME_H 1
| #define HAVE_SYS_TYPES_H 1
| /* end confdefs.h.  */
| /* Define strtoll to an innocuous variant, in case <limits.h> declares strtoll.
|    For example, HP-UX 11i <limits.h> declares gettimeofday.  */
| #define strtoll innocuous_strtoll
| 
| /* System header to define __stub macros and hopefully few prototypes,
|     which can conflict with char strtoll (); below.
|     Prefer <limits.h> to <assert.h> if __STDC__ is defined, since
|     <limits.h> exists even on freestanding compilers.  */
| 
| #ifdef __STDC__
| # include <limits.h>
| #else
| # include <assert.h>
| #endif
| 
| #undef strtoll
| 
| /* Override any GCC internal prototype to avoid an error.
|    Use char because int might match the return type of a GCC
|    builtin and then its argument prototype would still apply.  */
| #ifdef __cplusplus
| extern "C"
| #endif
| char strtoll ();
| /* The GNU C library defines this for functions which it implements
|     to always fail with ENOSYS.  Some functions are actually named
|     something starting with __ and the normal name is an alias.  */
| #if defined __stub_strtoll || defined __stub___strtoll
| choke me
| #endif
| 
| int
| main ()
| {
| return strtoll ();
|   ;
|   return 0;
| }
configure:12357: result: no
configure:12367: checking for gcc __sync builtins
configure:12381: gcc -o conftest -ffreestanding -nostdlib -fno-builtin -m32   conftest.c  >&5
/usr/bin/x86_64-linux-gnu-ld: warning: cannot find entry symbol _start; defaulting to 00000000000001b5
configure:12381: $? = 0
configure:12395: result: yes
configure:12398: checking for gcc __atomic builtins
configure:12412: gcc -o conftest -ffreestanding -nostdlib -fno-builtin -m32   conftest.c  >&5
/usr/bin/x86_64-linux-gnu-ld: warning: cannot find entry symbol _start; defaulting to 00000000000001b5
configure:12412: $? = 0
configure:12426: result: yes
configure:12599: checking that generated files are newer than configure
configure:12605: result: done
configure:12632: creating ./config.status

## ---------------------- ##
## Running config.status. ##
## ---------------------- ##

This file was extended by jansson config.status 2.11, which was
generated by GNU Autoconf 2.69.  Invocation command line was

  CONFIG_FILES    = 
  CONFIG_HEADERS  = 
  CONFIG_LINKS    = 
  CONFIG_COMMANDS = 
  $ ./config.status 

on odsi

config.status:1111: creating jansson.pc
config.status:1111: creating Makefile
config.status:1111: creating doc/Makefile
config.status:1111: creating src/Makefile
config.status:1111: creating src/jansson_config.h
config.status:1111: creating test/Makefile
config.status:1111: creating test/bin/Makefile
config.status:1111: creating test/suites/Makefile
config.status:1111: creating test/suites/api/Makefile
config.status:1111: creating jansson_private_config.h
config.status:1340: executing depfiles commands
config.status:1340: executing libtool commands

## ---------------- ##
## Cache variables. ##
## ---------------- ##

ac_cv_build=x86_64-pc-linux-gnu
ac_cv_c_compiler_gnu=yes
ac_cv_c_inline=inline
ac_cv_c_int32_t=yes
ac_cv_c_uint16_t=yes
ac_cv_c_uint32_t=yes
ac_cv_c_uint8_t=yes
ac_cv_env_CC_set=
ac_cv_env_CC_value=
ac_cv_env_CFLAGS_set=set
ac_cv_env_CFLAGS_value='-ffreestanding -nostdlib -fno-builtin -m32'
ac_cv_env_CPPFLAGS_set=
ac_cv_env_CPPFLAGS_value=
ac_cv_env_CPP_set=
ac_cv_env_CPP_value=
ac_cv_env_LDFLAGS_set=
ac_cv_env_LDFLAGS_value=
ac_cv_env_LIBS_set=
ac_cv_env_LIBS_value=
ac_cv_env_LT_SYS_LIBRARY_PATH_set=
ac_cv_env_LT_SYS_LIBRARY_PATH_value=
ac_cv_env_build_alias_set=
ac_cv_env_build_alias_value=
ac_cv_env_host_alias_set=set
ac_cv_env_host_alias_value=i386
ac_cv_env_target_alias_set=
ac_cv_env_target_alias_value=
ac_cv_func_close=no
ac_cv_func_getpid=no
ac_cv_func_gettimeofday=no
ac_cv_func_localeconv=no
ac_cv_func_open=no
ac_cv_func_read=no
ac_cv_func_sched_yield=no
ac_cv_func_strtoll=no
ac_cv_header_dlfcn_h=yes
ac_cv_header_endian_h=yes
ac_cv_header_fcntl_h=yes
ac_cv_header_inttypes_h=yes
ac_cv_header_locale_h=yes
ac_cv_header_memory_h=yes
ac_cv_header_sched_h=yes
ac_cv_header_stdc=yes
ac_cv_header_stdint_h=yes
ac_cv_header_stdlib_h=yes
ac_cv_header_string_h=yes
ac_cv_header_strings_h=yes
ac_cv_header_sys_param_h=yes
ac_cv_header_sys_stat_h=yes
ac_cv_header_sys_time_h=yes
ac_cv_header_sys_types_h=yes
ac_cv_header_unistd_h=yes
ac_cv_host=i386-pc-none
ac_cv_objext=o
ac_cv_path_EGREP='/bin/grep -E'
ac_cv_path_FGREP='/bin/grep -F'
ac_cv_path_GREP=/bin/grep
ac_cv_path_SED=/bin/sed
ac_cv_path_install='/usr/bin/install -c'
ac_cv_path_lt_DD=/bin/dd
ac_cv_path_mkdir=/bin/mkdir
ac_cv_prog_AWK=mawk
ac_cv_prog_CPP='gcc -E'
ac_cv_prog_STRIP=strip
ac_cv_prog_ac_ct_AR=ar
ac_cv_prog_ac_ct_CC=gcc
ac_cv_prog_ac_ct_DUMPBIN='link -dump'
ac_cv_prog_ac_ct_MANIFEST_TOOL=mt
ac_cv_prog_ac_ct_OBJDUMP=objdump
ac_cv_prog_ac_ct_RANLIB=ranlib
ac_cv_prog_ac_ct_STRIP=strip
ac_cv_prog_cc_c89=
ac_cv_prog_cc_g=yes
ac_cv_prog_make_make_set=yes
ac_cv_type_long_long_int=no
ac_cv_type_unsigned_long_long_int=no
am_cv_CC_dependencies_compiler_type=gcc3
am_cv_make_support_nested_variables=yes
am_cv_prog_cc_c_o=yes
lt_cv_ar_at_file=@
lt_cv_deplibs_check_method=unknown
lt_cv_file_magic_cmd='$MAGIC_CMD'
lt_cv_file_magic_test_file=
lt_cv_ld_reload_flag=-r
lt_cv_nm_interface='BSD nm'
lt_cv_objdir=.libs
lt_cv_path_LD=/usr/bin/x86_64-linux-gnu-ld
lt_cv_path_NM=no
lt_cv_path_mainfest_tool=no
lt_cv_prog_compiler_c_o=yes
lt_cv_prog_compiler_pic='-fPIC -DPIC'
lt_cv_prog_compiler_pic_works=yes
lt_cv_prog_compiler_rtti_exceptions=no
lt_cv_prog_compiler_static_works=no
lt_cv_prog_gnu_ld=yes
lt_cv_sharedlib_from_linklib_cmd='printf %s\n'
lt_cv_sys_global_symbol_pipe='sed -n -e '\''s/^.*[	 ]\([ABCDGIRSTW][ABCDGIRSTW]*\)[	 ][	 ]*\([_A-Za-z][_A-Za-z0-9]*\)$/\1 \2 \2/p'\'' | sed '\''/ __gnu_lto/d'\'''
lt_cv_sys_global_symbol_to_c_name_address='sed -n -e '\''s/^: \(.*\) .*$/  {"\1", (void *) 0},/p'\'' -e '\''s/^[ABCDGIRSTW][ABCDGIRSTW]* .* \(.*\)$/  {"\1", (void *) \&\1},/p'\'''
lt_cv_sys_global_symbol_to_c_name_address_lib_prefix='sed -n -e '\''s/^: \(.*\) .*$/  {"\1", (void *) 0},/p'\'' -e '\''s/^[ABCDGIRSTW][ABCDGIRSTW]* .* \(lib.*\)$/  {"\1", (void *) \&\1},/p'\'' -e '\''s/^[ABCDGIRSTW][ABCDGIRSTW]* .* \(.*\)$/  {"lib\1", (void *) \&\1},/p'\'''
lt_cv_sys_global_symbol_to_cdecl='sed -n -e '\''s/^T .* \(.*\)$/extern int \1();/p'\'' -e '\''s/^[ABCDGIRSTW][ABCDGIRSTW]* .* \(.*\)$/extern char \1;/p'\'''
lt_cv_sys_global_symbol_to_import=
lt_cv_sys_max_cmd_len=1572864
lt_cv_to_host_file_cmd=func_convert_file_noop
lt_cv_to_tool_file_cmd=func_convert_file_noop
lt_cv_truncate_bin='/bin/dd bs=4096 count=1'

## ----------------- ##
## Output variables. ##
## ----------------- ##

ACLOCAL='${SHELL} /home/odsi/Documents/demoODSI/jansson/missing aclocal-1.15'
AMDEPBACKSLASH='\'
AMDEP_FALSE='#'
AMDEP_TRUE=''
AMTAR='$${TAR-tar}'
AM_BACKSLASH='\'
AM_CFLAGS='-Wall -Wextra -Wdeclaration-after-statement'
AM_DEFAULT_V='$(AM_DEFAULT_VERBOSITY)'
AM_DEFAULT_VERBOSITY='1'
AM_V='$(V)'
AR='ar'
AUTOCONF='${SHELL} /home/odsi/Documents/demoODSI/jansson/missing autoconf'
AUTOHEADER='${SHELL} /home/odsi/Documents/demoODSI/jansson/missing autoheader'
AUTOMAKE='${SHELL} /home/odsi/Documents/demoODSI/jansson/missing automake-1.15'
AWK='mawk'
CC='gcc'
CCDEPMODE='depmode=gcc3'
CFLAGS='-ffreestanding -nostdlib -fno-builtin -m32'
CPP='gcc -E'
CPPFLAGS=''
CYGPATH_W='echo'
DEFS='-DHAVE_CONFIG_H'
DEPDIR='.deps'
DLLTOOL='false'
DSYMUTIL=''
DUMPBIN=':'
ECHO_C=''
ECHO_N='-n'
ECHO_T=''
EGREP='/bin/grep -E'
EXEEXT=''
FGREP='/bin/grep -F'
GCC_FALSE='#'
GCC_TRUE=''
GREP='/bin/grep'
INSTALL_DATA='${INSTALL} -m 644'
INSTALL_PROGRAM='${INSTALL}'
INSTALL_SCRIPT='${INSTALL}'
INSTALL_STRIP_PROGRAM='$(install_sh) -c -s'
LD='/usr/bin/x86_64-linux-gnu-ld'
LDFLAGS=''
LIBOBJS=''
LIBS=''
LIBTOOL='$(SHELL) $(top_builddir)/libtool'
LIPO=''
LN_S='ln -s'
LTLIBOBJS=''
LT_SYS_LIBRARY_PATH=''
MAKEINFO='${SHELL} /home/odsi/Documents/demoODSI/jansson/missing makeinfo'
MANIFEST_TOOL=':'
MKDIR_P='/bin/mkdir -p'
NM='nm'
NMEDIT=''
OBJDUMP='objdump'
OBJEXT='o'
OTOOL64=''
OTOOL=''
PACKAGE='jansson'
PACKAGE_BUGREPORT='petri@digip.org'
PACKAGE_NAME='jansson'
PACKAGE_STRING='jansson 2.11'
PACKAGE_TARNAME='jansson'
PACKAGE_URL=''
PACKAGE_VERSION='2.11'
PATH_SEPARATOR=':'
RANLIB='ranlib'
SED='/bin/sed'
SET_MAKE=''
SHELL='/bin/bash'
STRIP='strip'
VERSION='2.11'
ac_ct_AR='ar'
ac_ct_CC='gcc'
ac_ct_DUMPBIN='link -dump'
am__EXEEXT_FALSE=''
am__EXEEXT_TRUE='#'
am__fastdepCC_FALSE='#'
am__fastdepCC_TRUE=''
am__include='include'
am__isrc=''
am__leading_dot='.'
am__nodep='_no'
am__quote=''
am__tar='$${TAR-tar} chof - "$$tardir"'
am__untar='$${TAR-tar} xf -'
bindir='${exec_prefix}/bin'
build='x86_64-pc-linux-gnu'
build_alias=''
build_cpu='x86_64'
build_os='linux-gnu'
build_vendor='pc'
datadir='${datarootdir}'
datarootdir='${prefix}/share'
docdir='${datarootdir}/doc/${PACKAGE_TARNAME}'
dvidir='${docdir}'
exec_prefix='${prefix}'
host='i386-pc-none'
host_alias='i386'
host_cpu='i386'
host_os='none'
host_vendor='pc'
htmldir='${docdir}'
includedir='${prefix}/include'
infodir='${datarootdir}/info'
install_sh='${SHELL} /home/odsi/Documents/demoODSI/jansson/install-sh'
json_have_atomic_builtins='1'
json_have_localeconv='0'
json_have_long_long='0'
json_have_sync_builtins='1'
json_inline='inline'
libdir='${exec_prefix}/lib'
libexecdir='${exec_prefix}/libexec'
localedir='${datarootdir}/locale'
localstatedir='${prefix}/var'
mandir='${datarootdir}/man'
mkdir_p='$(MKDIR_P)'
oldincludedir='/usr/include'
pdfdir='${docdir}'
prefix='/usr/local'
program_transform_name='s,x,x,'
psdir='${docdir}'
runstatedir='${localstatedir}/run'
sbindir='${exec_prefix}/sbin'
sharedstatedir='${prefix}/com'
sysconfdir='${prefix}/etc'
target_alias=''

## ----------- ##
## confdefs.h. ##
## ----------- ##

/* confdefs.h */
#define PACKAGE_NAME "jansson"
#define PACKAGE_TARNAME "jansson"
#define PACKAGE_VERSION "2.11"
#define PACKAGE_STRING "jansson 2.11"
#define PACKAGE_BUGREPORT "petri@digip.org"
#define PACKAGE_URL ""
#define PACKAGE "jansson"
#define VERSION "2.11"
#define STDC_HEADERS 1
#define HAVE_SYS_TYPES_H 1
#define HAVE_SYS_STAT_H 1
#define HAVE_STDLIB_H 1
#define HAVE_STRING_H 1
#define HAVE_MEMORY_H 1
#define HAVE_STRINGS_H 1
#define HAVE_INTTYPES_H 1
#define HAVE_STDINT_H 1
#define HAVE_UNISTD_H 1
#define HAVE_DLFCN_H 1
#define LT_OBJDIR ".libs/"
#define HAVE_ENDIAN_H 1
#define HAVE_FCNTL_H 1
#define HAVE_LOCALE_H 1
#define HAVE_SCHED_H 1
#define HAVE_UNISTD_H 1
#define HAVE_SYS_PARAM_H 1
#define HAVE_SYS_STAT_H 1
#define HAVE_SYS_TIME_H 1
#define HAVE_SYS_TYPES_H 1
#define HAVE_SYNC_BUILTINS 1
#define HAVE_ATOMIC_BUILTINS 1
#define USE_URANDOM 1
#define USE_WINDOWS_CRYPTOAPI 1
#define INITIAL_HASHTABLE_ORDER 3

configure: exit 0
