This file contains any messages produced by compilers while
running configure, to aid debugging if configure makes a mistake.

It was created by libjwt configure 1.9.0, which was
generated by GNU Autoconf 2.69.  Invocation command line was

  $ ./configure CFLAGS=-ffreestanding -nostdlib -fno-builtin -m32 --host=i386 --disable-shared --with-openssl=/usr/include/openssl

## --------- ##
## Platform. ##
## --------- ##

hostname = odsi
uname -m = x86_64
uname -r = 4.15.0-23-generic
uname -s = Linux
uname -v = #25-Ubuntu SMP Wed May 23 18:02:16 UTC 2018

/usr/bin/uname -p = unknown
/bin/uname -X     = unknown

/bin/arch              = unknown
/usr/bin/arch -k       = unknown
/usr/convex/getsysinfo = unknown
/usr/bin/hostinfo      = unknown
/bin/machine           = unknown
/usr/bin/oslevel       = unknown
/bin/universe          = unknown

PATH: /usr/local/sbin
PATH: /usr/local/bin
PATH: /usr/sbin
PATH: /usr/bin
PATH: /sbin
PATH: /bin
PATH: /usr/games
PATH: /usr/local/games
PATH: /snap/bin
PATH: /home/odsi/opam-coq.8.6.1/4.01.0/bin/


## ----------- ##
## Core tests. ##
## ----------- ##

configure:2334: checking for a BSD-compatible install
configure:2402: result: /usr/bin/install -c
configure:2413: checking whether build environment is sane
configure:2468: result: yes
configure:2527: checking for i386-strip
configure:2557: result: no
configure:2567: checking for strip
configure:2583: found /usr/bin/strip
configure:2594: result: strip
configure:2619: checking for a thread-safe mkdir -p
configure:2658: result: /bin/mkdir -p
configure:2665: checking for gawk
configure:2695: result: no
configure:2665: checking for mawk
configure:2681: found /usr/bin/mawk
configure:2692: result: mawk
configure:2703: checking whether make sets $(MAKE)
configure:2725: result: yes
configure:2754: checking whether make supports nested variables
configure:2771: result: yes
configure:2927: checking build system type
configure:2941: result: x86_64-pc-linux-gnu
configure:2961: checking host system type
configure:2974: result: i386-pc-none
configure:3015: checking how to print strings
configure:3042: result: printf
configure:3075: checking for style of include used by make
configure:3103: result: GNU
configure:3134: checking for i386-gcc
configure:3164: result: no
configure:3174: checking for gcc
configure:3190: found /usr/bin/gcc
configure:3201: result: gcc
configure:3430: checking for C compiler version
configure:3439: gcc --version >&5
gcc (Ubuntu 7.3.0-16ubuntu3) 7.3.0
Copyright (C) 2017 Free Software Foundation, Inc.
This is free software; see the source for copying conditions.  There is NO
warranty; not even for MERCHANTABILITY or FITNESS FOR A PARTICULAR PURPOSE.

configure:3450: $? = 0
configure:3439: gcc -v >&5
Using built-in specs.
COLLECT_GCC=gcc
COLLECT_LTO_WRAPPER=/usr/lib/gcc/x86_64-linux-gnu/7/lto-wrapper
OFFLOAD_TARGET_NAMES=nvptx-none
OFFLOAD_TARGET_DEFAULT=1
Target: x86_64-linux-gnu
Configured with: ../src/configure -v --with-pkgversion='Ubuntu 7.3.0-16ubuntu3' --with-bugurl=file:///usr/share/doc/gcc-7/README.Bugs --enable-languages=c,ada,c++,go,brig,d,fortran,objc,obj-c++ --prefix=/usr --with-gcc-major-version-only --with-as=/usr/bin/x86_64-linux-gnu-as --with-ld=/usr/bin/x86_64-linux-gnu-ld --program-suffix=-7 --program-prefix=x86_64-linux-gnu- --enable-shared --enable-linker-build-id --libexecdir=/usr/lib --without-included-gettext --enable-threads=posix --libdir=/usr/lib --enable-nls --with-sysroot=/ --enable-clocale=gnu --enable-libstdcxx-debug --enable-libstdcxx-time=yes --with-default-libstdcxx-abi=new --enable-gnu-unique-object --disable-vtable-verify --enable-libmpx --enable-plugin --enable-default-pie --with-system-zlib --with-target-system-zlib --enable-objc-gc=auto --enable-multiarch --disable-werror --with-arch-32=i686 --with-abi=m64 --with-multilib-list=m32,m64,mx32 --enable-multilib --with-tune=generic --enable-offload-targets=nvptx-none --without-cuda-driver --enable-checking=release --build=x86_64-linux-gnu --host=x86_64-linux-gnu --target=x86_64-linux-gnu
Thread model: posix
gcc version 7.3.0 (Ubuntu 7.3.0-16ubuntu3) 
configure:3450: $? = 0
configure:3439: gcc -V >&5
gcc: error: unrecognized command line option '-V'
gcc: fatal error: no input files
compilation terminated.
configure:3450: $? = 1
configure:3439: gcc -qversion >&5
gcc: error: unrecognized command line option '-qversion'; did you mean '--version'?
gcc: fatal error: no input files
compilation terminated.
configure:3450: $? = 1
configure:3470: checking whether the C compiler works
configure:3492: gcc -ffreestanding -nostdlib -fno-builtin -m32   conftest.c  >&5
/usr/bin/x86_64-linux-gnu-ld: warning: cannot find entry symbol _start; defaulting to 00000000000001b5
configure:3496: $? = 0
configure:3544: result: yes
configure:3547: checking for C compiler default output file name
configure:3549: result: a.out
configure:3555: checking for suffix of executables
configure:3562: gcc -o conftest -ffreestanding -nostdlib -fno-builtin -m32   conftest.c  >&5
/usr/bin/x86_64-linux-gnu-ld: warning: cannot find entry symbol _start; defaulting to 00000000000001b5
configure:3566: $? = 0
configure:3588: result: 
configure:3610: checking whether we are cross compiling
configure:3618: gcc -o conftest -ffreestanding -nostdlib -fno-builtin -m32   conftest.c  >&5
/usr/bin/x86_64-linux-gnu-ld: warning: cannot find entry symbol _start; defaulting to 0000000000000210
/tmp/ccv3J4wh.o: In function `main':
conftest.c:(.text+0x2f): undefined reference to `fopen'
conftest.c:(.text+0x40): undefined reference to `ferror'
conftest.c:(.text+0x52): undefined reference to `fclose'
collect2: error: ld returned 1 exit status
configure:3622: $? = 1
configure:3629: ./conftest
./configure: line 3631: ./conftest: No such file or directory
configure:3633: $? = 127
configure:3648: result: yes
configure:3653: checking for suffix of object files
configure:3675: gcc -c -ffreestanding -nostdlib -fno-builtin -m32  conftest.c >&5
configure:3679: $? = 0
configure:3700: result: o
configure:3704: checking whether we are using the GNU C compiler
configure:3723: gcc -c -ffreestanding -nostdlib -fno-builtin -m32  conftest.c >&5
configure:3723: $? = 0
configure:3732: result: yes
configure:3741: checking whether gcc accepts -g
configure:3761: gcc -c -g  conftest.c >&5
configure:3761: $? = 0
configure:3802: result: yes
configure:3819: checking for gcc option to accept ISO C89
configure:3882: gcc  -c -ffreestanding -nostdlib -fno-builtin -m32  conftest.c >&5
configure:3882: $? = 0
configure:3895: result: none needed
configure:3920: checking whether gcc understands -c and -o together
configure:3942: gcc -c conftest.c -o conftest2.o
configure:3945: $? = 0
configure:3942: gcc -c conftest.c -o conftest2.o
configure:3945: $? = 0
configure:3957: result: yes
configure:3976: checking dependency style of gcc
configure:4087: result: gcc3
configure:4102: checking for a sed that does not truncate output
configure:4166: result: /bin/sed
configure:4184: checking for grep that handles long lines and -e
configure:4242: result: /bin/grep
configure:4247: checking for egrep
configure:4309: result: /bin/grep -E
configure:4314: checking for fgrep
configure:4376: result: /bin/grep -F
configure:4411: checking for ld used by gcc
configure:4478: result: /usr/bin/x86_64-linux-gnu-ld
configure:4485: checking if the linker (/usr/bin/x86_64-linux-gnu-ld) is GNU ld
configure:4500: result: yes
configure:4512: checking for BSD- or MS-compatible name lister (nm)
configure:4566: result: no
configure:4580: checking for i386-dumpbin
configure:4610: result: no
configure:4580: checking for i386-link
configure:4610: result: no
configure:4624: checking for dumpbin
configure:4654: result: no
configure:4624: checking for link
configure:4640: found /usr/bin/link
configure:4651: result: link -dump
configure:4667: WARNING: using cross tools not prefixed with host triplet
configure:4696: checking the name lister (nm) interface
configure:4703: gcc -c -ffreestanding -nostdlib -fno-builtin -m32  conftest.c >&5
configure:4706: nm "conftest.o"
configure:4709: output
00000000 B some_variable
configure:4716: result: BSD nm
configure:4719: checking whether ln -s works
configure:4723: result: yes
configure:4731: checking the maximum length of command line arguments
configure:4862: result: 1572864
configure:4910: checking how to convert x86_64-pc-linux-gnu file names to i386-pc-none format
configure:4950: result: func_convert_file_noop
configure:4957: checking how to convert x86_64-pc-linux-gnu file names to toolchain format
configure:4977: result: func_convert_file_noop
configure:4984: checking for /usr/bin/x86_64-linux-gnu-ld option to reload object files
configure:4991: result: -r
configure:5025: checking for i386-objdump
configure:5055: result: no
configure:5065: checking for objdump
configure:5081: found /usr/bin/objdump
configure:5092: result: objdump
configure:5124: checking how to recognize dependent libraries
configure:5324: result: unknown
configure:5369: checking for i386-dlltool
configure:5399: result: no
configure:5409: checking for dlltool
configure:5439: result: no
configure:5469: checking how to associate runtime and link libraries
configure:5496: result: printf %s\n
configure:5513: checking for i386-ar
configure:5543: result: no
configure:5557: checking for ar
configure:5573: found /usr/bin/ar
configure:5584: result: ar
configure:5621: checking for archiver @FILE support
configure:5638: gcc -c -ffreestanding -nostdlib -fno-builtin -m32  conftest.c >&5
configure:5638: $? = 0
configure:5641: ar cru libconftest.a @conftest.lst >&5
ar: `u' modifier ignored since `D' is the default (see `U')
configure:5644: $? = 0
configure:5649: ar cru libconftest.a @conftest.lst >&5
ar: `u' modifier ignored since `D' is the default (see `U')
ar: conftest.o: No such file or directory
configure:5652: $? = 1
configure:5664: result: @
configure:5682: checking for i386-strip
configure:5709: result: strip
configure:5781: checking for i386-ranlib
configure:5811: result: no
configure:5821: checking for ranlib
configure:5837: found /usr/bin/ranlib
configure:5848: result: ranlib
configure:5950: checking command to parse nm output from gcc object
configure:6103: gcc -c -ffreestanding -nostdlib -fno-builtin -m32  conftest.c >&5
configure:6106: $? = 0
configure:6110: nm conftest.o \| sed -n -e 's/^.*[ ]\([ABCDGIRSTW][ABCDGIRSTW]*\)[ ][ ]*\([_A-Za-z][_A-Za-z0-9]*\)$/\1 \2 \2/p' | sed '/ __gnu_lto/d' \> conftest.nm
configure:6113: $? = 0
configure:6179: gcc -o conftest -ffreestanding -nostdlib -fno-builtin -m32   conftest.c conftstm.o >&5
/usr/bin/x86_64-linux-gnu-ld: warning: cannot find entry symbol _start; defaulting to 00000000000001e0
configure:6182: $? = 0
configure:6220: result: ok
configure:6267: checking for sysroot
configure:6297: result: no
configure:6304: checking for a working dd
configure:6342: result: /bin/dd
configure:6346: checking how to truncate binary pipes
configure:6361: result: /bin/dd bs=4096 count=1
configure:6650: checking for i386-mt
configure:6680: result: no
configure:6690: checking for mt
configure:6706: found /bin/mt
configure:6717: result: mt
configure:6740: checking if mt is a manifest tool
configure:6746: mt '-?'
configure:6754: result: no
configure:7431: checking how to run the C preprocessor
configure:7462: gcc -E  conftest.c
configure:7462: $? = 0
configure:7476: gcc -E  conftest.c
conftest.c:11:10: fatal error: ac_nonexistent.h: No such file or directory
 #include <ac_nonexistent.h>
          ^~~~~~~~~~~~~~~~~~
compilation terminated.
configure:7476: $? = 1
configure: failed program was:
| /* confdefs.h */
| #define PACKAGE_NAME "libjwt"
| #define PACKAGE_TARNAME "libjwt"
| #define PACKAGE_VERSION "1.9.0"
| #define PACKAGE_STRING "libjwt 1.9.0"
| #define PACKAGE_BUGREPORT "https://github.com/benmcollins/libjwt/issues"
| #define PACKAGE_URL ""
| #define PACKAGE "libjwt"
| #define VERSION "1.9.0"
| /* end confdefs.h.  */
| #include <ac_nonexistent.h>
configure:7501: result: gcc -E
configure:7521: gcc -E  conftest.c
configure:7521: $? = 0
configure:7535: gcc -E  conftest.c
conftest.c:11:10: fatal error: ac_nonexistent.h: No such file or directory
 #include <ac_nonexistent.h>
          ^~~~~~~~~~~~~~~~~~
compilation terminated.
configure:7535: $? = 1
configure: failed program was:
| /* confdefs.h */
| #define PACKAGE_NAME "libjwt"
| #define PACKAGE_TARNAME "libjwt"
| #define PACKAGE_VERSION "1.9.0"
| #define PACKAGE_STRING "libjwt 1.9.0"
| #define PACKAGE_BUGREPORT "https://github.com/benmcollins/libjwt/issues"
| #define PACKAGE_URL ""
| #define PACKAGE "libjwt"
| #define VERSION "1.9.0"
| /* end confdefs.h.  */
| #include <ac_nonexistent.h>
configure:7564: checking for ANSI C header files
configure:7584: gcc -c -ffreestanding -nostdlib -fno-builtin -m32  conftest.c >&5
configure:7584: $? = 0
configure:7668: result: yes
configure:7681: checking for sys/types.h
configure:7681: gcc -c -ffreestanding -nostdlib -fno-builtin -m32  conftest.c >&5
configure:7681: $? = 0
configure:7681: result: yes
configure:7681: checking for sys/stat.h
configure:7681: gcc -c -ffreestanding -nostdlib -fno-builtin -m32  conftest.c >&5
configure:7681: $? = 0
configure:7681: result: yes
configure:7681: checking for stdlib.h
configure:7681: gcc -c -ffreestanding -nostdlib -fno-builtin -m32  conftest.c >&5
configure:7681: $? = 0
configure:7681: result: yes
configure:7681: checking for string.h
configure:7681: gcc -c -ffreestanding -nostdlib -fno-builtin -m32  conftest.c >&5
configure:7681: $? = 0
configure:7681: result: yes
configure:7681: checking for memory.h
configure:7681: gcc -c -ffreestanding -nostdlib -fno-builtin -m32  conftest.c >&5
configure:7681: $? = 0
configure:7681: result: yes
configure:7681: checking for strings.h
configure:7681: gcc -c -ffreestanding -nostdlib -fno-builtin -m32  conftest.c >&5
configure:7681: $? = 0
configure:7681: result: yes
configure:7681: checking for inttypes.h
configure:7681: gcc -c -ffreestanding -nostdlib -fno-builtin -m32  conftest.c >&5
configure:7681: $? = 0
configure:7681: result: yes
configure:7681: checking for stdint.h
configure:7681: gcc -c -ffreestanding -nostdlib -fno-builtin -m32  conftest.c >&5
configure:7681: $? = 0
configure:7681: result: yes
configure:7681: checking for unistd.h
configure:7681: gcc -c -ffreestanding -nostdlib -fno-builtin -m32  conftest.c >&5
configure:7681: $? = 0
configure:7681: result: yes
configure:7695: checking for dlfcn.h
configure:7695: gcc -c -ffreestanding -nostdlib -fno-builtin -m32  conftest.c >&5
configure:7695: $? = 0
configure:7695: result: yes
configure:7951: checking for objdir
configure:7966: result: .libs
configure:8230: checking if gcc supports -fno-rtti -fno-exceptions
configure:8248: gcc -c -ffreestanding -nostdlib -fno-builtin -m32  -fno-rtti -fno-exceptions conftest.c >&5
cc1: warning: command line option '-fno-rtti' is valid for C++/ObjC++ but not for C
configure:8252: $? = 0
configure:8265: result: no
configure:8623: checking for gcc option to produce PIC
configure:8630: result: -fPIC -DPIC
configure:8638: checking if gcc PIC flag -fPIC -DPIC works
configure:8656: gcc -c -ffreestanding -nostdlib -fno-builtin -m32  -fPIC -DPIC -DPIC conftest.c >&5
configure:8660: $? = 0
configure:8673: result: yes
configure:8702: checking if gcc static flag -static works
/usr/bin/x86_64-linux-gnu-ld: warning: cannot find entry symbol _start; defaulting to 00000000080480d8
configure:8730: result: no
configure:8745: checking if gcc supports -c -o file.o
configure:8766: gcc -c -ffreestanding -nostdlib -fno-builtin -m32  -o out/conftest2.o conftest.c >&5
configure:8770: $? = 0
configure:8792: result: yes
configure:8800: checking if gcc supports -c -o file.o
configure:8847: result: yes
configure:8880: checking whether the gcc linker (/usr/bin/x86_64-linux-gnu-ld) supports shared libraries
configure:10143: result: yes
configure:10383: checking dynamic linker characteristics
configure:11213: result: no
configure:11335: checking how to hardcode library paths into programs
configure:11360: result: immediate
configure:11908: checking whether stripping libraries is possible
configure:11913: result: yes
configure:11948: checking if libtool supports shared libraries
configure:11950: result: no
configure:11953: checking whether to build shared libraries
configure:11978: result: no
configure:11981: checking whether to build static libraries
configure:11985: result: yes
configure:12047: checking for i386-pkg-config
configure:12080: result: no
configure:12090: checking for pkg-config
configure:12108: found /usr/bin/pkg-config
configure:12120: result: /usr/bin/pkg-config
configure:12145: checking pkg-config is at least version 0.9.0
configure:12148: result: yes
configure:12160: checking for OPENSSL
configure:12167: $PKG_CONFIG --exists --print-errors "openssl >= 0.9.8"
configure:12170: $? = 0
configure:12184: $PKG_CONFIG --exists --print-errors "openssl >= 0.9.8"
configure:12187: $? = 0
configure:12245: result: yes
configure:12364: checking for JANSSON
configure:12371: $PKG_CONFIG --exists --print-errors "jansson >= 2.0"
configure:12374: $? = 0
configure:12388: $PKG_CONFIG --exists --print-errors "jansson >= 2.0"
configure:12391: $? = 0
configure:12449: result: yes
configure:12455: checking for CHECK
configure:12462: $PKG_CONFIG --exists --print-errors "check >= 0.9.4"
configure:12465: $? = 0
configure:12479: $PKG_CONFIG --exists --print-errors "check >= 0.9.4"
configure:12482: $? = 0
configure:12520: result: yes
configure:12539: checking for valgrind
configure:12569: result: no
configure:12942: checking whether to build with code coverage support
configure:12962: result: no
configure:13324: checking whether weak aliases are supported
configure:13345: gcc -c -ffreestanding -nostdlib -fno-builtin -m32  conftest.c >&5
configure:13345: $? = 0
configure:13352: result: yes
configure:13426: checking for i386-doxygen
configure:13459: result: no
configure:13469: checking for doxygen
configure:13487: found /usr/bin/doxygen
configure:13499: result: /usr/bin/doxygen
configure:13532: checking for i386-perl
configure:13565: result: no
configure:13575: checking for perl
configure:13593: found /usr/bin/perl
configure:13605: result: /usr/bin/perl
configure:13705: checking for i386-dot
configure:13738: result: no
configure:13748: checking for dot
configure:13781: result: no
configure:13801: WARNING: dot not found - will not generate graphics for doxygen documentation
configure:15409: checking that generated files are newer than configure
configure:15415: result: done
configure:15542: creating ./config.status

## ---------------------- ##
## Running config.status. ##
## ---------------------- ##

This file was extended by libjwt config.status 1.9.0, which was
generated by GNU Autoconf 2.69.  Invocation command line was

  CONFIG_FILES    = 
  CONFIG_HEADERS  = 
  CONFIG_LINKS    = 
  CONFIG_COMMANDS = 
  $ ./config.status 

on odsi

config.status:1377: creating Makefile
config.status:1377: creating include/Makefile
config.status:1377: creating libjwt/Makefile
config.status:1377: creating tests/Makefile
config.status:1377: creating libjwt/libjwt.pc
config.status:1377: creating libjwt/config.h
config.status:1606: executing depfiles commands
config.status:1606: executing libtool commands

## ---------------- ##
## Cache variables. ##
## ---------------- ##

ac_cv_build=x86_64-pc-linux-gnu
ac_cv_c_compiler_gnu=yes
ac_cv_env_CC_set=
ac_cv_env_CC_value=
ac_cv_env_CFLAGS_set=set
ac_cv_env_CFLAGS_value='-ffreestanding -nostdlib -fno-builtin -m32'
ac_cv_env_CHECK_CFLAGS_set=
ac_cv_env_CHECK_CFLAGS_value=
ac_cv_env_CHECK_LIBS_set=
ac_cv_env_CHECK_LIBS_value=
ac_cv_env_CPPFLAGS_set=
ac_cv_env_CPPFLAGS_value=
ac_cv_env_CPP_set=
ac_cv_env_CPP_value=
ac_cv_env_DOXYGEN_PAPER_SIZE_set=
ac_cv_env_DOXYGEN_PAPER_SIZE_value=
ac_cv_env_GNUTLS_CFLAGS_set=
ac_cv_env_GNUTLS_CFLAGS_value=
ac_cv_env_GNUTLS_LIBS_set=
ac_cv_env_GNUTLS_LIBS_value=
ac_cv_env_JANSSON_CFLAGS_set=
ac_cv_env_JANSSON_CFLAGS_value=
ac_cv_env_JANSSON_LIBS_set=
ac_cv_env_JANSSON_LIBS_value=
ac_cv_env_LDFLAGS_set=
ac_cv_env_LDFLAGS_value=
ac_cv_env_LIBS_set=
ac_cv_env_LIBS_value=
ac_cv_env_LT_SYS_LIBRARY_PATH_set=
ac_cv_env_LT_SYS_LIBRARY_PATH_value=
ac_cv_env_OPENSSL_CFLAGS_set=
ac_cv_env_OPENSSL_CFLAGS_value=
ac_cv_env_OPENSSL_LIBS_set=
ac_cv_env_OPENSSL_LIBS_value=
ac_cv_env_PKG_CONFIG_LIBDIR_set=
ac_cv_env_PKG_CONFIG_LIBDIR_value=
ac_cv_env_PKG_CONFIG_PATH_set=
ac_cv_env_PKG_CONFIG_PATH_value=
ac_cv_env_PKG_CONFIG_set=
ac_cv_env_PKG_CONFIG_value=
ac_cv_env_build_alias_set=
ac_cv_env_build_alias_value=
ac_cv_env_host_alias_set=set
ac_cv_env_host_alias_value=i386
ac_cv_env_target_alias_set=
ac_cv_env_target_alias_value=
ac_cv_header_dlfcn_h=yes
ac_cv_header_inttypes_h=yes
ac_cv_header_memory_h=yes
ac_cv_header_stdc=yes
ac_cv_header_stdint_h=yes
ac_cv_header_stdlib_h=yes
ac_cv_header_string_h=yes
ac_cv_header_strings_h=yes
ac_cv_header_sys_stat_h=yes
ac_cv_header_sys_types_h=yes
ac_cv_header_unistd_h=yes
ac_cv_host=i386-pc-none
ac_cv_objext=o
ac_cv_path_EGREP='/bin/grep -E'
ac_cv_path_FGREP='/bin/grep -F'
ac_cv_path_GREP=/bin/grep
ac_cv_path_SED=/bin/sed
ac_cv_path_ac_pt_DX_DOXYGEN=/usr/bin/doxygen
ac_cv_path_ac_pt_DX_PERL=/usr/bin/perl
ac_cv_path_ac_pt_PKG_CONFIG=/usr/bin/pkg-config
ac_cv_path_install='/usr/bin/install -c'
ac_cv_path_lt_DD=/bin/dd
ac_cv_path_mkdir=/bin/mkdir
ac_cv_prog_AWK=mawk
ac_cv_prog_CPP='gcc -E'
ac_cv_prog_STRIP=strip
ac_cv_prog_ac_ct_AR=ar
ac_cv_prog_ac_ct_CC=gcc
ac_cv_prog_ac_ct_DUMPBIN='link -dump'
ac_cv_prog_ac_ct_MANIFEST_TOOL=mt
ac_cv_prog_ac_ct_OBJDUMP=objdump
ac_cv_prog_ac_ct_RANLIB=ranlib
ac_cv_prog_ac_ct_STRIP=strip
ac_cv_prog_cc_c89=
ac_cv_prog_cc_g=yes
ac_cv_prog_make_make_set=yes
ac_cv_weak_alias_support=yes
am_cv_CC_dependencies_compiler_type=gcc3
am_cv_make_support_nested_variables=yes
am_cv_prog_cc_c_o=yes
lt_cv_ar_at_file=@
lt_cv_deplibs_check_method=unknown
lt_cv_file_magic_cmd='$MAGIC_CMD'
lt_cv_file_magic_test_file=
lt_cv_ld_reload_flag=-r
lt_cv_nm_interface='BSD nm'
lt_cv_objdir=.libs
lt_cv_path_LD=/usr/bin/x86_64-linux-gnu-ld
lt_cv_path_NM=no
lt_cv_path_mainfest_tool=no
lt_cv_prog_compiler_c_o=yes
lt_cv_prog_compiler_pic='-fPIC -DPIC'
lt_cv_prog_compiler_pic_works=yes
lt_cv_prog_compiler_rtti_exceptions=no
lt_cv_prog_compiler_static_works=no
lt_cv_prog_gnu_ld=yes
lt_cv_sharedlib_from_linklib_cmd='printf %s\n'
lt_cv_sys_global_symbol_pipe='sed -n -e '\''s/^.*[	 ]\([ABCDGIRSTW][ABCDGIRSTW]*\)[	 ][	 ]*\([_A-Za-z][_A-Za-z0-9]*\)$/\1 \2 \2/p'\'' | sed '\''/ __gnu_lto/d'\'''
lt_cv_sys_global_symbol_to_c_name_address='sed -n -e '\''s/^: \(.*\) .*$/  {"\1", (void *) 0},/p'\'' -e '\''s/^[ABCDGIRSTW][ABCDGIRSTW]* .* \(.*\)$/  {"\1", (void *) \&\1},/p'\'''
lt_cv_sys_global_symbol_to_c_name_address_lib_prefix='sed -n -e '\''s/^: \(.*\) .*$/  {"\1", (void *) 0},/p'\'' -e '\''s/^[ABCDGIRSTW][ABCDGIRSTW]* .* \(lib.*\)$/  {"\1", (void *) \&\1},/p'\'' -e '\''s/^[ABCDGIRSTW][ABCDGIRSTW]* .* \(.*\)$/  {"lib\1", (void *) \&\1},/p'\'''
lt_cv_sys_global_symbol_to_cdecl='sed -n -e '\''s/^T .* \(.*\)$/extern int \1();/p'\'' -e '\''s/^[ABCDGIRSTW][ABCDGIRSTW]* .* \(.*\)$/extern char \1;/p'\'''
lt_cv_sys_global_symbol_to_import=
lt_cv_sys_max_cmd_len=1572864
lt_cv_to_host_file_cmd=func_convert_file_noop
lt_cv_to_tool_file_cmd=func_convert_file_noop
lt_cv_truncate_bin='/bin/dd bs=4096 count=1'
pkg_cv_CHECK_CFLAGS=-pthread
pkg_cv_CHECK_LIBS='-lcheck_pic -pthread -lrt -lm -lsubunit'
pkg_cv_JANSSON_CFLAGS=-I/usr/local/include
pkg_cv_JANSSON_LIBS='-L/usr/local/lib -ljansson'
pkg_cv_OPENSSL_CFLAGS=
pkg_cv_OPENSSL_LIBS='-lssl -lcrypto'

## ----------------- ##
## Output variables. ##
## ----------------- ##
























		$(MAKE) $(AM_MAKEFLAGS) -k check-valgrind-$(tool); \
		LOG_COMPILER="$$(VALGRIND_LOG_COMPILER)" \
		LOG_FLAGS="$$(valgrind_$(1)_flags)" \
		TESTS_ENVIRONMENT="$$(VALGRIND_TESTS_ENVIRONMENT)" \
		TEST_SUITE_LOG=test-suite-$(1).log
	$$(valgrind_v_use)$$(MAKE) check-TESTS \
	$(AM_V_at)$(MAKE) $(AM_MAKEFLAGS) code-coverage-capture
	$(TESTS_ENVIRONMENT) \
	$(VALGRIND) $(VALGRIND_SUPPRESSIONS) --error-exitcode=1 $(VALGRIND_FLAGS)
	$(code_coverage_v_genhtml)LANG=C $(GENHTML) $(code_coverage_quiet) $(addprefix --prefix ,$(CODE_COVERAGE_DIRECTORY)) --output-directory "$(CODE_COVERAGE_OUTPUT_DIRECTORY)" --title "$(PACKAGE_NAME)-$(PACKAGE_VERSION) Code Coverage" --legend --show-details "$(CODE_COVERAGE_OUTPUT_FILE)" $(CODE_COVERAGE_GENHTML_OPTIONS)
	$(code_coverage_v_lcov_cap)$(LCOV) $(code_coverage_quiet) $(addprefix --directory ,$(CODE_COVERAGE_DIRECTORY)) --capture --output-file "$(CODE_COVERAGE_OUTPUT_FILE).tmp" --test-name "$(call code_coverage_sanitize,$(PACKAGE_NAME)-$(PACKAGE_VERSION))" --no-checksum --compat-libtool $(CODE_COVERAGE_LCOV_SHOPTS) $(CODE_COVERAGE_LCOV_OPTIONS)
	$(code_coverage_v_lcov_ign)$(LCOV) $(code_coverage_quiet) $(addprefix --directory ,$(CODE_COVERAGE_DIRECTORY)) --remove "$(CODE_COVERAGE_OUTPUT_FILE).tmp" "/tmp/*" $(CODE_COVERAGE_IGNORE_PATTERN) --output-file "$(CODE_COVERAGE_OUTPUT_FILE)" $(CODE_COVERAGE_LCOV_SHOPTS) $(CODE_COVERAGE_LCOV_RMOPTS)
	$(valgrind_lt) \
	)
	-$(AM_V_at)$(MAKE) $(AM_MAKEFLAGS) -k check
	-$(AM_V_at)$(foreach tool,$(valgrind_enabled_tools), \
	-$(LCOV) --directory $(top_builddir) -z
	-@rm -f $(CODE_COVERAGE_OUTPUT_FILE).tmp
	-find . \( -name "*.gcda" -o -name "*.gcno" -o -name "*.gcov" \) -delete
	-rm -rf $(CODE_COVERAGE_OUTPUT_FILE) $(CODE_COVERAGE_OUTPUT_FILE).tmp $(CODE_COVERAGE_OUTPUT_DIRECTORY)
	@echo "Need to reconfigure with --enable-code-coverage"
	@echo "Need to reconfigure with --enable-code-coverage"
	@echo "Need to reconfigure with --enable-valgrind"
	@echo "Need to reconfigure with --enable-valgrind"
	@echo "Need to reconfigure with --enable-valgrind-$(1)"
	@echo "file://$(abs_builddir)/$(CODE_COVERAGE_OUTPUT_DIRECTORY)/index.html"
	G_DEBUG=fatal-warnings,fatal-criticals,gc-friendly
	G_SLICE=always-malloc,debug-blocks \
	env VALGRIND=$(VALGRIND) \
 $(CODE_COVERAGE_IGNORE_PATTERN);
 $(CODE_COVERAGE_OUTPUT_FILE);
#
#
#
#    $(PACKAGE_NAME)-$(PACKAGE_VERSION)-coverage)
#    $(PACKAGE_NAME)-$(PACKAGE_VERSION)-coverage.info)
#    (Default: $(top_builddir))
#    (Default: --num-callers=30)
#    (Default: empty)
#    Multiple directories may be specified, separated by whitespace.
#    by lcov for code coverage. (Default:
#    collecting lcov instance. (Default: $CODE_COVERAGE_LCOV_OPTIONS_GCOVPATH)
#    files to load. (Default: empty)
#    genhtml instance. (Default: based on $CODE_COVERAGE_BRANCH_COVERAGE)
#    instance. (Default: $CODE_COVERAGE_GENHTML_OPTIONS_DEFAULT)
#    instance. (Default: $CODE_COVERAGE_LCOV_OPTIONS_DEFAULT)
#    instance. (Default: $CODE_COVERAGE_LCOV_RMOPTS_DEFAULT)
#    instances. (Default: $CODE_COVERAGE_LCOV_SHOPTS_DEFAULT)
#    instances. (Default: based on $CODE_COVERAGE_BRANCH_COVERAGE)
#    lcov instance. (Default: empty)
#    memcheck, helgrind, drd, sgcheck). (Default: various)
#    reports to be created. (Default:
#    set to 0 to disable it and leave empty to stay with the default.
#  - CODE_COVERAGE_BRANCH_COVERAGE: Set to 1 to enforce branch coverage,
#  - CODE_COVERAGE_DIRECTORY: Top-level directory for code coverage reporting.
#  - CODE_COVERAGE_GENHTML_OPTIONS: Extra options to pass to the genhtml
#  - CODE_COVERAGE_GENHTML_OPTIONS_DEFAULT: Extra options to pass to the
#  - CODE_COVERAGE_IGNORE_PATTERN: Extra glob pattern of files to ignore
#  - CODE_COVERAGE_LCOV_OPTIONS: Extra options to pass to the collecting lcov
#  - CODE_COVERAGE_LCOV_OPTIONS_DEFAULT: Extra options to pass to the
#  - CODE_COVERAGE_LCOV_OPTIONS_GCOVPATH: --gcov-tool pathtogcov
#  - CODE_COVERAGE_LCOV_RMOPTS: Extra options to pass to the filtering lcov
#  - CODE_COVERAGE_LCOV_RMOPTS_DEFAULT: Extra options to pass to the filtering
#  - CODE_COVERAGE_LCOV_SHOPTS: Extra options to shared between both lcov
#  - CODE_COVERAGE_LCOV_SHOPTS_DEFAULT: Extra options shared between both lcov
#  - CODE_COVERAGE_OUTPUT_DIRECTORY: Directory for generated code coverage
#  - CODE_COVERAGE_OUTPUT_FILE: Filename and path for the .info file generated
#  - VALGRIND_$toolname_FLAGS: Flags to pass to Valgrind $toolname (one of:
#  - VALGRIND_FLAGS: General flags to pass to all Valgrind tools.
#  - VALGRIND_SUPPRESSIONS_FILES: Space-separated list of Valgrind suppressions
# $(PACKAGE_VERSION). In order to add the current git hash to the title,
# Capture code coverage data
# Code coverage
# Hook rule executed before code-coverage-capture, overridable by the user
# Internal use
# Optional variables
# Optional variables
# Optional:
# Optional:
# Support running with and without libtool.
# The generated report will be titled using the $(PACKAGE_NAME) and
# Use recursive makes in order to ignore errors during check
# Use recursive makes in order to ignore errors during check
# Valgrind check
# Valgrind running
# sanitizes the test-name: replaces with underscores: dashes and dots
# use the git-version-gen script, available online.
$(foreach tool,$(valgrind_tools),$(eval $(call valgrind_tool_rule,$(tool))))
$(if $(CODE_COVERAGE_BRANCH_COVERAGE),\
'
'
--rc genhtml_branch_coverage=$(CODE_COVERAGE_BRANCH_COVERAGE))
--rc lcov_branch_coverage=$(CODE_COVERAGE_BRANCH_COVERAGE))
.PHONY: check-code-coverage code-coverage-capture code-coverage-capture-hook code-coverage-clean
.PHONY: check-valgrind $(add-prefix check-valgrind-,$(valgrind_tools))
ACLOCAL='${SHELL} /home/odsi/Documents/demoODSI/libjwt/missing aclocal-1.15'
AMDEPBACKSLASH='\'
AMDEP_FALSE='#'
AMDEP_TRUE=''
AMTAR='$${TAR-tar}'
AM_BACKSLASH='\'
AM_CFLAGS='-Wall'
AM_DEFAULT_V='$(AM_DEFAULT_VERBOSITY)'
AM_DEFAULT_VERBOSITY='1'
AM_DISTCHECK_CONFIGURE_FLAGS += --disable-code-coverage
AM_DISTCHECK_CONFIGURE_FLAGS += --disable-valgrind
AM_DISTCHECK_CONFIGURE_FLAGS ?=
AM_DISTCHECK_CONFIGURE_FLAGS ?=
AM_V='$(V)'
AR='ar'
AUTOCONF='${SHELL} /home/odsi/Documents/demoODSI/libjwt/missing autoconf'
AUTOHEADER='${SHELL} /home/odsi/Documents/demoODSI/libjwt/missing autoheader'
AUTOMAKE='${SHELL} /home/odsi/Documents/demoODSI/libjwt/missing automake-1.15'
AWK='mawk'
CC='gcc'
CCDEPMODE='depmode=gcc3'
CFLAGS='-ffreestanding -nostdlib -fno-builtin -m32'
CHECK_CFLAGS='-pthread'
CHECK_LIBS='-lcheck_pic -pthread -lrt -lm -lsubunit'
CODE_COVERAGE_BRANCH_COVERAGE ?=
CODE_COVERAGE_CFLAGS=''
CODE_COVERAGE_CPPFLAGS=''
CODE_COVERAGE_CXXFLAGS=''
CODE_COVERAGE_DIRECTORY ?= $(top_builddir)
CODE_COVERAGE_ENABLED='no'
CODE_COVERAGE_ENABLED_FALSE=''
CODE_COVERAGE_ENABLED_TRUE='#'
CODE_COVERAGE_GENHTML_OPTIONS ?= $(CODE_COVERAGE_GENHTML_OPTIONS_DEFAULTS)
CODE_COVERAGE_GENHTML_OPTIONS_DEFAULT ?=\
CODE_COVERAGE_IGNORE_PATTERN ?=
CODE_COVERAGE_LCOV_OPTIONS ?= $(CODE_COVERAGE_LCOV_OPTIONS_DEFAULT)
CODE_COVERAGE_LCOV_OPTIONS_DEFAULT ?= $(CODE_COVERAGE_LCOV_OPTIONS_GCOVPATH)
CODE_COVERAGE_LCOV_OPTIONS_GCOVPATH ?= --gcov-tool "$(GCOV)"
CODE_COVERAGE_LCOV_RMOPTS ?= $(CODE_COVERAGE_LCOV_RMOPTS_DEFAULT)
CODE_COVERAGE_LCOV_RMOPTS_DEFAULT ?=
CODE_COVERAGE_LCOV_SHOPTS ?= $(CODE_COVERAGE_LCOV_SHOPTS_DEFAULT)
CODE_COVERAGE_LCOV_SHOPTS_DEFAULT ?= $(if $(CODE_COVERAGE_BRANCH_COVERAGE),\
CODE_COVERAGE_LDFLAGS=''
CODE_COVERAGE_OUTPUT_DIRECTORY ?= $(PACKAGE_NAME)-$(PACKAGE_VERSION)-coverage
CODE_COVERAGE_OUTPUT_FILE ?= $(PACKAGE_NAME)-$(PACKAGE_VERSION)-coverage.info
CODE_COVERAGE_RULES='
CPP='gcc -E'
CPPFLAGS=''
CYGPATH_W='echo'
DEFS='-DHAVE_CONFIG_H'
DEPDIR='.deps'
DLLTOOL='false'
DOXYGEN_PAPER_SIZE=''
DSYMUTIL=''
DUMPBIN=':'
DX_COND_chi_FALSE=''
DX_COND_chi_TRUE='#'
DX_COND_chm_FALSE=''
DX_COND_chm_TRUE='#'
DX_COND_doc_FALSE='#'
DX_COND_doc_TRUE=''
DX_COND_dot_FALSE=''
DX_COND_dot_TRUE='#'
DX_COND_html_FALSE='#'
DX_COND_html_TRUE=''
DX_COND_latex_FALSE=''
DX_COND_latex_TRUE='#'
DX_COND_man_FALSE='#'
DX_COND_man_TRUE=''
DX_COND_pdf_FALSE=''
DX_COND_pdf_TRUE='#'
DX_COND_ps_FALSE=''
DX_COND_ps_TRUE='#'
DX_COND_rtf_FALSE=''
DX_COND_rtf_TRUE='#'
DX_COND_xml_FALSE=''
DX_COND_xml_TRUE='#'
DX_CONFIG='doxygen.cfg'
DX_DOCDIR='doxygen-doc'
DX_DOT=''
DX_DOXYGEN='/usr/bin/doxygen'
DX_DVIPS=''
DX_EGREP=''
DX_ENV=' SRCDIR='\''./include'\'' PROJECT='\''libjwt'\'' DOCDIR='\''doxygen-doc'\'' VERSION='\''1.9.0'\'' PERL_PATH='\''/usr/bin/perl'\'' HAVE_DOT='\''NO'\'' GENERATE_MAN='\''YES'\'' GENERATE_RTF='\''NO'\'' GENERATE_XML='\''NO'\'' GENERATE_HTMLHELP='\''NO'\'' GENERATE_CHI='\''NO'\'' GENERATE_HTML='\''YES'\'' GENERATE_LATEX='\''NO'\'''
DX_FLAG_DX_CURRENT_FEATURE=''
DX_FLAG_chi='0'
DX_FLAG_chm='0'
DX_FLAG_doc='1'
DX_FLAG_dot='0'
DX_FLAG_html='1'
DX_FLAG_man='1'
DX_FLAG_pdf='0'
DX_FLAG_ps='0'
DX_FLAG_rtf='0'
DX_FLAG_xml='0'
DX_HHC=''
DX_LATEX=''
DX_MAKEINDEX=''
DX_PDFLATEX=''
DX_PERL='/usr/bin/perl'
DX_PROJECT='libjwt'
ECHO_C=''
ECHO_N='-n'
ECHO_T=''
EGREP='/bin/grep -E'
ENABLE_VALGRIND_drd='no'
ENABLE_VALGRIND_helgrind='no'
ENABLE_VALGRIND_memcheck='no'
ENABLE_VALGRIND_sgcheck='no'
EXEEXT=''
FGREP='/bin/grep -F'
GCOV=''
GENHTML=''
GITIGNOREFILES += $(CODE_COVERAGE_OUTPUT_FILE) $(CODE_COVERAGE_OUTPUT_DIRECTORY)
GITIGNOREFILES ?=
GNUTLS_CFLAGS=''
GNUTLS_LIBS=''
GREP='/bin/grep'
HAVE_OPENSSL_FALSE='#'
HAVE_OPENSSL_TRUE=''
INSTALL_DATA='${INSTALL} -m 644'
INSTALL_PROGRAM='${INSTALL}'
INSTALL_SCRIPT='${INSTALL}'
INSTALL_STRIP_PROGRAM='$(install_sh) -c -s'
JANSSON_CFLAGS='-I/usr/local/include'
JANSSON_LIBS='-L/usr/local/lib -ljansson'
LCOV=''
LD='/usr/bin/x86_64-linux-gnu-ld'
LDFLAGS=''
LIBOBJS=''
LIBS=''
LIBTOOL='$(SHELL) $(top_builddir)/libtool'
LIPO=''
LN_S='ln -s'
LTLIBOBJS=''
LT_SYS_LIBRARY_PATH=''
MAKEINFO='${SHELL} /home/odsi/Documents/demoODSI/libjwt/missing makeinfo'
MANIFEST_TOOL=':'
MKDIR_P='/bin/mkdir -p'
MOSTLYCLEANFILES += $(valgrind_log_files)
MOSTLYCLEANFILES ?=
NM='nm'
NMEDIT=''
OBJDUMP='objdump'
OBJEXT='o'
OPENSSL_CFLAGS=''
OPENSSL_LIBS='-lssl -lcrypto'
OTOOL64=''
OTOOL=''
PACKAGE='libjwt'
PACKAGE_BUGREPORT='https://github.com/benmcollins/libjwt/issues'
PACKAGE_NAME='libjwt'
PACKAGE_STRING='libjwt 1.9.0'
PACKAGE_TARNAME='libjwt'
PACKAGE_URL=''
PACKAGE_VERSION='1.9.0'
PATH_SEPARATOR=':'
PKG_CONFIG='/usr/bin/pkg-config'
PKG_CONFIG_LIBDIR=''
PKG_CONFIG_PATH=''
RANLIB='ranlib'
SED='/bin/sed'
SET_MAKE=''
SHELL='/bin/bash'
STRIP='strip'
VALGRIND=''
VALGRIND_CHECK_RULES='
VALGRIND_ENABLED='no'
VALGRIND_ENABLED_FALSE=''
VALGRIND_ENABLED_TRUE='#'
VALGRIND_FLAGS ?= --num-callers=30
VALGRIND_LOG_COMPILER = \
VALGRIND_SUPPRESSIONS ?= $(addprefix --suppressions=,$(VALGRIND_SUPPRESSIONS_FILES))
VALGRIND_TESTS_ENVIRONMENT = \
VALGRIND_drd_FLAGS ?=
VALGRIND_helgrind_FLAGS ?= --history-level=approx
VALGRIND_memcheck_FLAGS ?= --leak-check=full --show-reachable=no
VALGRIND_sgcheck_FLAGS ?=
VERSION='1.9.0'
ac_ct_AR='ar'
ac_ct_CC='gcc'
ac_ct_DUMPBIN='link -dump'
am__EXEEXT_FALSE=''
am__EXEEXT_TRUE='#'
am__fastdepCC_FALSE='#'
am__fastdepCC_TRUE=''
am__include='include'
am__isrc=''
am__leading_dot='.'
am__nodep='_no'
am__quote=''
am__tar='$${TAR-tar} chof - "$$tardir"'
am__untar='$${TAR-tar} xf -'
bindir='${exec_prefix}/bin'
build='x86_64-pc-linux-gnu'
build_alias=''
build_cpu='x86_64'
build_os='linux-gnu'
build_vendor='pc'
check-code-coverage:
check-valgrind-$(1):
check-valgrind:
clean: code-coverage-clean
code-coverage-capture-hook:
code-coverage-capture: code-coverage-capture-hook
code-coverage-clean:
code_coverage_quiet = $(code_coverage_quiet_$(V))
code_coverage_quiet_ = $(code_coverage_quiet_$(AM_DEFAULT_VERBOSITY))
code_coverage_quiet_0 = --quiet
code_coverage_sanitize = $(subst -,_,$(subst .,_,$(1)))
code_coverage_v_genhtml = $(code_coverage_v_genhtml_$(V))
code_coverage_v_genhtml_ = $(code_coverage_v_genhtml_$(AM_DEFAULT_VERBOSITY))
code_coverage_v_genhtml_0 = @echo "  GEN   " $(CODE_COVERAGE_OUTPUT_DIRECTORY);
code_coverage_v_lcov_cap = $(code_coverage_v_lcov_cap_$(V))
code_coverage_v_lcov_cap_ = $(code_coverage_v_lcov_cap_$(AM_DEFAULT_VERBOSITY))
code_coverage_v_lcov_cap_0 = @echo "  LCOV   --capture"\
code_coverage_v_lcov_ign = $(code_coverage_v_lcov_ign_$(V))
code_coverage_v_lcov_ign_ = $(code_coverage_v_lcov_ign_$(AM_DEFAULT_VERBOSITY))
code_coverage_v_lcov_ign_0 = @echo "  LCOV   --remove /tmp/*"\
datadir='${datarootdir}'
datarootdir='${prefix}/share'
define valgrind_tool_rule =
distclean: code-coverage-clean
docdir='${datarootdir}/doc/${PACKAGE_TARNAME}'
dvidir='${docdir}'
else
else
else
else
else
else ifeq ($$(VALGRIND_ENABLED),yes)
endef
endif
endif
endif
endif
endif
endif
exec_prefix='${prefix}'
host='i386-pc-none'
host_alias='i386'
host_cpu='i386'
host_os='none'
host_vendor='pc'
htmldir='${docdir}'
ifeq ($$(VALGRIND_ENABLED)-$$(ENABLE_VALGRIND_$(1)),yes-yes)
ifeq ($(CODE_COVERAGE_ENABLED),yes)
ifeq ($(CODE_COVERAGE_ENABLED),yes)
ifeq ($(CODE_COVERAGE_ENABLED),yes)
ifeq ($(VALGRIND_ENABLED),yes)
ifneq ($(LIBTOOL),)
includedir='${prefix}/include'
infodir='${datarootdir}/info'
install_sh='${SHELL} /home/odsi/Documents/demoODSI/libjwt/install-sh'
libdir='${exec_prefix}/lib'
libexecdir='${exec_prefix}/libexec'
localedir='${datarootdir}/locale'
localstatedir='${prefix}/var'
mandir='${datarootdir}/man'
mkdir_p='$(MKDIR_P)'
oldincludedir='/usr/include'
pdfdir='${docdir}'
prefix='/usr/local'
program_transform_name='s,x,x,'
psdir='${docdir}'
runstatedir='${localstatedir}/run'
sbindir='${exec_prefix}/sbin'
sharedstatedir='${prefix}/com'
sysconfdir='${prefix}/etc'
target_alias=''
valgrind_drd_flags = --tool=drd $(VALGRIND_drd_FLAGS)
valgrind_enabled_tools=''
valgrind_helgrind_flags = --tool=helgrind $(VALGRIND_helgrind_FLAGS)
valgrind_log_files = $(addprefix test-suite-,$(addsuffix .log,$(valgrind_tools)))
valgrind_lt =
valgrind_lt = $(LIBTOOL) $(AM_LIBTOOLFLAGS) $(LIBTOOLFLAGS) --mode=execute
valgrind_memcheck_flags = --tool=memcheck $(VALGRIND_memcheck_FLAGS)
valgrind_quiet = $(valgrind_quiet_$(V))
valgrind_quiet_ = $(valgrind_quiet_$(AM_DEFAULT_VERBOSITY))
valgrind_quiet_0 = --quiet
valgrind_sgcheck_flags = --tool=exp-sgcheck $(VALGRIND_sgcheck_FLAGS)
valgrind_tools='memcheck helgrind drd sgcheck'
valgrind_v_use   = $(valgrind_v_use_$(V))
valgrind_v_use_  = $(valgrind_v_use_$(AM_DEFAULT_VERBOSITY))
valgrind_v_use_0 = @echo "  USE   " $(patsubst check-valgrind-%,%,$@):;

## ----------- ##
## confdefs.h. ##
## ----------- ##

/* confdefs.h */
#define PACKAGE_NAME "libjwt"
#define PACKAGE_TARNAME "libjwt"
#define PACKAGE_VERSION "1.9.0"
#define PACKAGE_STRING "libjwt 1.9.0"
#define PACKAGE_BUGREPORT "https://github.com/benmcollins/libjwt/issues"
#define PACKAGE_URL ""
#define PACKAGE "libjwt"
#define VERSION "1.9.0"
#define STDC_HEADERS 1
#define HAVE_SYS_TYPES_H 1
#define HAVE_SYS_STAT_H 1
#define HAVE_STDLIB_H 1
#define HAVE_STRING_H 1
#define HAVE_MEMORY_H 1
#define HAVE_STRINGS_H 1
#define HAVE_INTTYPES_H 1
#define HAVE_STDINT_H 1
#define HAVE_UNISTD_H 1
#define HAVE_DLFCN_H 1
#define LT_OBJDIR ".libs/"

configure: exit 0
